
[00;31m#########################################################[00m
[00;31m#[00m [00;33mLocal Linux Enumeration & Privilege Escalation Script[00m [00;31m#[00m
[00;31m#########################################################[00m
[00;33m# www.rebootuser.com[00m
[00;33m# version 0.982[00m

[-] Debug Info
[00;33m[+] Thorough tests = Disabled[00m


[00;33mScan started at:
Sun Feb 28 03:19:04 PST 2021
[00m

[00;33m### SYSTEM ##############################################[00m
[00;31m[-] Kernel information:[00m
Linux spectra 5.4.66+ #1 SMP Tue Dec 22 13:39:49 UTC 2020 x86_64 AMD EPYC 7302P 16-Core Processor AuthenticAMD GNU/Linux


[00;31m[-] Kernel information (continued):[00m
Linux version 5.4.66+ (neverware@cloudready-builder) (Chromium OS 11.0_pre399094_p20200824-r6 clang version 11.0.0 (/var/tmp/portage/sys-devel/llvm-11.0_pre399094_p20200824-r6/work/llvm-11.0_pre399094_p20200824/clang 83080a294ad7d145d758821bcf4354ad0cb7d299)) #1 SMP Tue Dec 22 13:39:49 UTC 2020


[00;31m[-] Specific release information:[00m
BUILD_NUMBER=22
CHROMEOVER_BUILD_COMMIT=829e617e7b8467c355f9bd61f87835bfeb0da547
CHROMIUMOS_MANIFEST_COMMIT=38c4f6ca60a47f7fabf0fcd5d6feabf349e3f002
CHROMIUM_BROWSER_COMMIT=ef24d0b3349c2324d18a3f32bc35d14e796aeddc
PIPELINE_TAG=prod
USE_FLAGS=-cros-debug beerover virtualbox
GOOGLE_RELEASE=87.3.41
CHROMEOS_RELEASE_BRANCH_NUMBER=85
CHROMEOS_RELEASE_TRACK=stable-channel
CHROMEOS_RELEASE_KEYSET=devkeys
CHROMEOS_RELEASE_NAME=Chromium OS
CHROMEOS_AUSERVER=https://cloudready-free-update-server-2.neverware.com/update
CHROMEOS_RELEASE_BOARD=chromeover64
CHROMEOS_DEVSERVER=https://cloudready-free-update-server-2.neverware.com/
CHROMEOS_RELEASE_BUILD_NUMBER=13505
CHROMEOS_CANARY_APPID={90F229CE-83E2-4FAF-8479-E368A34938B1}
CHROMEOS_RELEASE_CHROME_MILESTONE=87
CHROMEOS_RELEASE_PATCH_NUMBER=2021_01_15_2352
CHROMEOS_RELEASE_APPID=87efface-864d-49a5-9bb3-4b050a7c227a
CHROMEOS_BOARD_APPID=87efface-864d-49a5-9bb3-4b050a7c227a
CHROMEOS_RELEASE_BUILD_TYPE=Developer Build - neverware
CHROMEOS_RELEASE_VERSION=87.3.41
CHROMEOS_RELEASE_DESCRIPTION=87.3.41 (Developer Build - neverware) stable-channel chromeover64


[00;31m[-] Hostname:[00m
spectra


[00;33m### USER/GROUP ##########################################[00m
[00;31m[-] Current user/group info:[00m
uid=20155(nginx) gid=20156(nginx) groups=20156(nginx)


[00;31m[-] Users that have previously logged onto the system:[00m
Username         Port     From             Latest
nginx            pts/0    10.10.14.41      Sun Feb 28 02:49:35 -0800 2021


[00;31m[-] Who else is logged on:[00m
 03:19:04 up  2:22,  0 users,  load average: 0.10, 0.05, 0.01
USER     TTY        LOGIN@   IDLE   JCPU   PCPU WHAT


[00;31m[-] Group memberships:[00m
uid=201(messagebus) gid=201(messagebus) groups=201(messagebus)
uid=20141(chunneld) gid=20141(chunneld) groups=20141(chunneld)
uid=0(root) gid=0(root) groups=0(root),1(bin),2(daemon),3(sys),4(adm),6(disk),10(wheel),11(floppy),26(tape),27(video),1001(chronos-access),219(wpa),207(tss),208(pkcs11),253(preserve)
uid=1(bin) gid=1(bin) groups=1(bin),2(daemon),3(sys)
uid=2(daemon) gid=2(daemon) groups=2(daemon),1(bin),4(adm)
uid=3(adm) gid=4(adm) groups=4(adm),3(sys),6(disk)
uid=4(lp) gid=7(lp) groups=7(lp),20100(ippusb)
uid=9(news) gid=13(news) groups=13(news)
uid=10(uucp) gid=14(uucp) groups=14(uucp),402(serial)
uid=250(portage) gid=250(portage) groups=250(portage)
uid=20104(shill) gid=20104(shill) groups=20104(shill),611(password-viewers),413(tun),212(ipsec),241(modem),303(policy-readers),400(daemon-store),605(debugfs-access)
uid=65534(nobody) gid=65534(nobody) groups=65534(nobody)
uid=222(input) gid=222(input) groups=222(input)
uid=1000(chronos) gid=1000(chronos) groups=1000(chronos),7(lp),18(audio),27(video),222(input),1001(chronos-access),420(crash-user-access),600(cras),304(fuse-drivefs),240(brltty),208(pkcs11),303(policy-readers),601(wayland)
uid=1001(chronos-access) gid=1001(chronos-access) groups=1001(chronos-access)
uid=238(avahi) gid=238(avahi) groups=238(avahi)
uid=20123(usbguard) gid=20123(usbguard) groups=20123(usbguard)
uid=212(ipsec) gid=212(ipsec) groups=212(ipsec),20104(shill),1001(chronos-access),208(pkcs11)
uid=234(tlsdate) gid=234(tlsdate) groups=234(tlsdate)
uid=204(sshd) gid=204(sshd) groups=204(sshd)
uid=233(tlsdate-dbus) gid=233(tlsdate-dbus) groups=233(tlsdate-dbus)
uid=224(dhcp) gid=224(dhcp) groups=224(dhcp)
uid=217(openvpn) gid=217(openvpn) groups=217(openvpn)
uid=219(wpa) gid=219(wpa) groups=219(wpa),208(pkcs11)
uid=269(lpadmin) gid=269(lpadmin) groups=269(lpadmin),7(lp),20100(ippusb)
uid=277(cups) gid=277(cups) groups=277(cups),7(lp),269(lpadmin),20100(ippusb),20155(usbprinter)
uid=255(saned) gid=255(scanner) groups=255(scanner),20100(ippusb),20155(usbprinter)
uid=20130(fwupd) gid=20130(fwupd) groups=20130(fwupd)
uid=241(modem) gid=241(modem) groups=241(modem),85(usb)
uid=20140(metrics) gid=20140(metrics) groups=20140(metrics),605(debugfs-access)
uid=220(imageloaderd) gid=220(imageloaderd) groups=220(imageloaderd),1001(chronos-access)
uid=20100(ippusb) gid=20100(ippusb) groups=20100(ippusb)
uid=226(mtp) gid=226(mtp) groups=226(mtp),85(usb)
uid=20110(crosdns) gid=20110(crosdns) groups=20110(crosdns)
uid=297(smbproviderd) gid=297(smbproviderd) groups=297(smbproviderd)
uid=307(fuse-smbfs) gid=307(fuse-smbfs) groups=307(fuse-smbfs)
uid=207(tss) gid=207(tss) groups=207(tss)
uid=20131(kerberosd) gid=20131(kerberosd) groups=20131(kerberosd),611(password-viewers)
uid=230(devbroker) gid=230(devbroker) groups=230(devbroker)
uid=20137(crash) gid=20137(crash) groups=20137(crash),1001(chronos-access),419(crash-access),420(crash-user-access)
uid=20134(cros_healthd) gid=20134(cros_healthd) groups=20134(cros_healthd),6(disk)
uid=20138(kerberosd-exec) gid=20138(kerberosd-exec) groups=20138(kerberosd-exec),20131(kerberosd)
uid=20142(healthd_ec) gid=20142(healthd_ec) groups=20142(healthd_ec),416(cros_ec-access)
uid=20124(usb_bouncer) gid=20124(usb_bouncer) groups=20124(usb_bouncer)
uid=254(authpolicyd) gid=254(authpolicyd) groups=254(authpolicyd),303(policy-readers)
uid=239(p2p) gid=239(p2p) groups=239(p2p)
uid=600(cras) gid=600(cras) groups=600(cras),18(audio),222(input)
uid=213(cros-disks) gid=213(cros-disks) groups=213(cros-disks),6(disk),19(cdrom),80(cdrw),1001(chronos-access)
uid=607(authpolicyd-exec) gid=607(authpolicyd-exec) groups=607(authpolicyd-exec),254(authpolicyd)
uid=300(ntfs-3g) gid=300(ntfs-3g) groups=300(ntfs-3g)
uid=302(fuse-exfat) gid=302(fuse-exfat) groups=302(fuse-exfat)
uid=308(fuse-rar2fs) gid=308(fuse-rar2fs) groups=308(fuse-rar2fs)
uid=218(bluetooth) gid=218(bluetooth) groups=218(bluetooth),258(uinput)
uid=309(fuse-zip) gid=309(fuse-zip) groups=309(fuse-zip)
uid=305(fuse-sshfs) gid=305(fuse-sshfs) groups=305(fuse-sshfs)
uid=304(fuse-drivefs) gid=304(fuse-drivefs) groups=304(fuse-drivefs)
uid=20106(ml-service) gid=20106(ml-service) groups=20106(ml-service)
uid=299(crosvm) gid=299(crosvm) groups=299(crosvm),27(video),413(tun),600(cras),20128(pluginvm),418(virtaccess),601(wayland),400(daemon-store)
uid=228(power) gid=228(power) groups=228(power),5(tty),222(input),404(i2c),416(cros_ec-access),600(cras),605(debugfs-access)
uid=240(brltty) gid=240(brltty) groups=240(brltty),5(tty),85(usb)
uid=251(trunks) gid=251(trunks) groups=251(trunks),207(tss)
uid=20122(oobe_config_save) gid=20122(oobe_config_save) groups=20122(oobe_config_save),207(tss)
uid=20121(oobe_config_restore) gid=20121(oobe_config_restore) groups=20121(oobe_config_restore),207(tss)
uid=252(tpm_manager) gid=252(tpm_manager) groups=252(tpm_manager),207(tss),253(preserve)
uid=223(chaps) gid=223(chaps) groups=223(chaps),207(tss),208(pkcs11),400(daemon-store)
uid=247(attestation) gid=247(attestation) groups=247(attestation),207(tss),208(pkcs11),253(preserve),303(policy-readers)
uid=208(pkcs11) gid=208(pkcs11) groups=208(pkcs11)
uid=237(shill-crypto) gid=237(shill-crypto) groups=237(shill-crypto)
uid=295(shill-scripts) gid=295(shill-scripts) groups=295(shill-scripts)
uid=232(nfqueue) gid=232(nfqueue) groups=232(nfqueue)
uid=284(patchpaneld) gid=284(patchpaneld) groups=284(patchpaneld)
uid=20107(bootlockboxd) gid=20107(bootlockboxd) groups=20107(bootlockboxd),207(tss)
uid=292(cryptohome) gid=292(cryptohome) groups=292(cryptohome)
uid=20128(pluginvm) gid=20128(pluginvm) groups=20128(pluginvm),601(wayland)
uid=202(syslog) gid=202(syslog) groups=202(syslog)
uid=20112(vm_cicerone) gid=20112(vm_cicerone) groups=20112(vm_cicerone),420(crash-user-access)
uid=20114(seneschal) gid=20114(seneschal) groups=20114(seneschal)
uid=20115(seneschal-dbus) gid=20115(seneschal-dbus) groups=20115(seneschal-dbus)
uid=20154(system-proxy) gid=20154(system-proxy) groups=20154(system-proxy)
uid=601(wayland) gid=601(wayland) groups=601(wayland)
uid=216(debugd) gid=216(debugd) groups=216(debugd)
uid=235(debugd-logs) gid=235(debugd-logs) groups=235(debugd-logs),401(logs-access)
uid=605(debugfs-access) gid=605(debugfs-access) groups=605(debugfs-access)
uid=20105(netperf) gid=20105(netperf) groups=20105(netperf)
uid=268(dnsmasq) gid=268(dnsmasq) groups=268(dnsmasq)
uid=215(tcpdump) gid=215(tcpdump) groups=215(tcpdump)
uid=20155(nginx) gid=20156(nginx) groups=20156(nginx)
uid=20156(katie) gid=20157(katie) groups=20157(katie),20158(developers)


[00;31m[-] It looks like we have some admin users:[00m
uid=0(root) gid=0(root) groups=0(root),1(bin),2(daemon),3(sys),4(adm),6(disk),10(wheel),11(floppy),26(tape),27(video),1001(chronos-access),219(wpa),207(tss),208(pkcs11),253(preserve)
uid=2(daemon) gid=2(daemon) groups=2(daemon),1(bin),4(adm)
uid=3(adm) gid=4(adm) groups=4(adm),3(sys),6(disk)


[00;33m[+] It looks like we have password hashes in /etc/passwd![00m
messagebus:!:201:201:dbus-daemon:/dev/null:/bin/false
chunneld:!:20141:20141:Daemon for tunneling localhost to containers:/dev/null:/bin/false
bin:!:1:1:bin:/bin:/bin/false
daemon:!:2:2:daemon:/sbin:/bin/false
adm:!:3:4:adm:/var/adm:/bin/false
lp:!:4:7:lp:/var/spool/lpd:/bin/false
news:!:9:13:news:/var/spool/news:/bin/false
uucp:!:10:14:uucp:/var/spool/uucp:/bin/false
portage:!:250:250:portage:/var/tmp/portage:/bin/false
shill:!:20104:20104:user for the connection manager:/dev/null:/bin/false
nobody:!:65534:65534:nobody:/dev/null:/bin/false
input:!:222:222:dev/input/event access:/dev/null:/bin/false
chronos-access:!:1001:1001:non-chronos user with access to chronos data:/dev/null:/bin/false
avahi:!:238:238:avahi-daemon:/dev/null:/bin/false
usbguard:!:20123:20123:USB device whitelisting daemon:/dev/null:/bin/false
ipsec:!:212:212:strongswan, other ipsec VPNs:/dev/null:/bin/false
tlsdate:!:234:234:tlsdate, secure network time daemon:/dev/null:/bin/false
sshd:!:204:204:ssh daemon:/dev/null:/bin/false
tlsdate-dbus:!:233:233:tlsdate-dbus-announce:/dev/null:/bin/false
dhcp:!:224:224:dhcpcd DHCP client:/dev/null:/bin/false
openvpn:!:217:217:openvpn:/dev/null:/bin/false
wpa:!:219:219:wpa_supplicant:/dev/null:/bin/false
lpadmin:!:269:269:CUPS admin service user for running lpadmin:/dev/null:/bin/false
cups:!:277:277:CUPS daemon:/dev/null:/bin/false
saned:!:255:255:document scanning process:/dev/null:/bin/false
fwupd:!:20130:20130:Firmware Update Tool. /usr/libexec/fwupd/fwupdtool runs as this user.:/dev/null:/bin/false
modem:!:241:241:modem manager:/dev/null:/bin/false
metrics:!:20140:20140:user for metrics_daemon to run its services in sandboxed environment:/dev/null:/bin/false
imageloaderd:!:220:220:imageloader dbus service:/dev/null:/bin/false
ippusb:!:20100:20100: user for printing using ipp over usb:/dev/null:/bin/false
mtp:!:226:226:libmtp:/dev/null:/bin/false
crosdns:!:20110:20110:crosdns daemon:/dev/null:/bin/false
smbproviderd:!:297:297:smbprovider daemon:/dev/null:/bin/false
fuse-smbfs:!:307:307:FUSE-based SMB client:/dev/null:/bin/false
tss:!:207:207:trousers, TPM and TSS operations:/var/lib/tpm:/bin/false
kerberosd:!:20131:20131:kerberos manager daemon:/dev/null:/bin/false
devbroker:!:230:230:permission_broker:/dev/null:/bin/false
crash:!:20137:20137:Crash reporter daemon.:/dev/null:/bin/false
cros_healthd:!:20134:20134:User for diagnostics and telemetry services.:/dev/null:/bin/false
kerberosd-exec:!:20138:20138:kerberos daemon process executing third party code:/dev/null:/bin/false
healthd_ec:!:20142:20142:User for accessing ectool within debugd.:/dev/null:/bin/false
usb_bouncer:!:20124:20124:maintains device whitelist for usbguard:/dev/null:/bin/false
authpolicyd:!:254:254:authpolicy daemon:/dev/null:/bin/false
p2p:!:239:239:p2p autoupdate helpers:/dev/null:/bin/false
cras:!:600:600:CrOS audio video daemon:/dev/null:/bin/false
cros-disks:!:213:213:CrOS disk managing daemon:/dev/null:/bin/false
authpolicyd-exec:!:607:607:authpolicy process executor:/dev/null:/bin/false
ntfs-3g:!:300:300:NTFS FUSE-based filesystem daemon:/dev/null:/bin/false
fuse-exfat:!:302:302:FUSE-based exfat FS daemon:/dev/null:/bin/false
fuse-rar2fs:!:308:308:FUSE-based RAR mounter:/dev/null:/bin/false
bluetooth:!:218:218:bluez:/dev/null:/bin/false
fuse-zip:!:309:309:FUSE-based ZIP mounter:/dev/null:/bin/false
fuse-sshfs:!:305:305:FUSE-based SFTP client:/dev/null:/bin/false
fuse-drivefs:!:304:304:FUSE-based DriveFS daemon:/dev/null:/bin/false
ml-service:!:20106:20106:CrOS Machine Learning service:/dev/null:/bin/false
crosvm:!:299:299:CrOS virtual machine monitor:/dev/null:/bin/false
power:!:228:228:power management daemon:/dev/null:/bin/false
brltty:!:240:240:braille displays:/dev/null:/bin/false
trunks:!:251:251:Chromium OS trunks daemon runs as this user:/dev/null:/bin/false
oobe_config_save:!:20122:20122:oobe config save utility:/dev/null:/bin/false
oobe_config_restore:!:20121:20121:oobe config restore utility:/dev/null:/bin/false
tpm_manager:!:252:252:Chromium OS tpm_manager daemon runs as this user:/dev/null:/bin/false
chaps:!:223:223:chaps PKCS11 daemon:/dev/null:/bin/false
attestation:!:247:247:Chromium OS attestation daemon runs as this user:/dev/null:/bin/false
pkcs11:!:208:208:PKCS11 clients:/dev/null:/bin/false
shill-crypto:!:237:237:shill's crypto-util:/dev/null:/bin/false
shill-scripts:!:295:295:shill's debug scripts (when run via debugd):/dev/null:/bin/false
nfqueue:!:232:232:netfilter-queue:/dev/null:/bin/false
patchpaneld:!:284:284:CrOS guest networking service daemon:/dev/null:/bin/false
bootlockboxd:!:20107:20107:bootlockbox daemon:/dev/null:/bin/false
cryptohome:!:292:292:cryptohome service and client:/dev/null:/bin/false
pluginvm:!:20128:20128:Plugin VM monitor:/dev/null:/bin/false
syslog:!:202:202:rsyslog:/dev/null:/bin/false
vm_cicerone:!:20112:20112:Daemon for VM container communication:/dev/null:/bin/false
seneschal:!:20114:20114:Steward of the user's /home:/dev/null:/bin/false
seneschal-dbus:!:20115:20115:Owner of the seneschal dbus service:/dev/null:/bin/false
system-proxy:!:20154:20154:CrOS System-wide proxy daemon:/dev/null:/bin/false
wayland:!:601:601:Wayland display access:/dev/null:/bin/false
debugd:!:216:216:debug daemon:/dev/null:/bin/false
debugd-logs:!:235:235:access to unprivileged debugd logs:/dev/null:/bin/false
debugfs-access:!:605:605:access to debugfs:/dev/null:/bin/false
netperf:!:20105:20105:Network Performance measurement tool:/dev/null:/bin/false
dnsmasq:!:268:268:dnsmasq:/dev/null:/bin/false
tcpdump:!:215:215:tcpdump --with-user:/dev/null:/bin/false


[00;31m[-] Contents of /etc/passwd:[00m
messagebus:!:201:201:dbus-daemon:/dev/null:/bin/false
chunneld:!:20141:20141:Daemon for tunneling localhost to containers:/dev/null:/bin/false
root:x:0:0:root:/root:/bin/bash
bin:!:1:1:bin:/bin:/bin/false
daemon:!:2:2:daemon:/sbin:/bin/false
adm:!:3:4:adm:/var/adm:/bin/false
lp:!:4:7:lp:/var/spool/lpd:/bin/false
news:!:9:13:news:/var/spool/news:/bin/false
uucp:!:10:14:uucp:/var/spool/uucp:/bin/false
portage:!:250:250:portage:/var/tmp/portage:/bin/false
shill:!:20104:20104:user for the connection manager:/dev/null:/bin/false
nobody:!:65534:65534:nobody:/dev/null:/bin/false
input:!:222:222:dev/input/event access:/dev/null:/bin/false
chronos:x:1000:1000:system_user:/home/chronos/user:/bin/bash
chronos-access:!:1001:1001:non-chronos user with access to chronos data:/dev/null:/bin/false
avahi:!:238:238:avahi-daemon:/dev/null:/bin/false
usbguard:!:20123:20123:USB device whitelisting daemon:/dev/null:/bin/false
ipsec:!:212:212:strongswan, other ipsec VPNs:/dev/null:/bin/false
tlsdate:!:234:234:tlsdate, secure network time daemon:/dev/null:/bin/false
sshd:!:204:204:ssh daemon:/dev/null:/bin/false
tlsdate-dbus:!:233:233:tlsdate-dbus-announce:/dev/null:/bin/false
dhcp:!:224:224:dhcpcd DHCP client:/dev/null:/bin/false
openvpn:!:217:217:openvpn:/dev/null:/bin/false
wpa:!:219:219:wpa_supplicant:/dev/null:/bin/false
lpadmin:!:269:269:CUPS admin service user for running lpadmin:/dev/null:/bin/false
cups:!:277:277:CUPS daemon:/dev/null:/bin/false
saned:!:255:255:document scanning process:/dev/null:/bin/false
fwupd:!:20130:20130:Firmware Update Tool. /usr/libexec/fwupd/fwupdtool runs as this user.:/dev/null:/bin/false
modem:!:241:241:modem manager:/dev/null:/bin/false
metrics:!:20140:20140:user for metrics_daemon to run its services in sandboxed environment:/dev/null:/bin/false
imageloaderd:!:220:220:imageloader dbus service:/dev/null:/bin/false
ippusb:!:20100:20100: user for printing using ipp over usb:/dev/null:/bin/false
mtp:!:226:226:libmtp:/dev/null:/bin/false
crosdns:!:20110:20110:crosdns daemon:/dev/null:/bin/false
smbproviderd:!:297:297:smbprovider daemon:/dev/null:/bin/false
fuse-smbfs:!:307:307:FUSE-based SMB client:/dev/null:/bin/false
tss:!:207:207:trousers, TPM and TSS operations:/var/lib/tpm:/bin/false
kerberosd:!:20131:20131:kerberos manager daemon:/dev/null:/bin/false
devbroker:!:230:230:permission_broker:/dev/null:/bin/false
crash:!:20137:20137:Crash reporter daemon.:/dev/null:/bin/false
cros_healthd:!:20134:20134:User for diagnostics and telemetry services.:/dev/null:/bin/false
kerberosd-exec:!:20138:20138:kerberos daemon process executing third party code:/dev/null:/bin/false
healthd_ec:!:20142:20142:User for accessing ectool within debugd.:/dev/null:/bin/false
usb_bouncer:!:20124:20124:maintains device whitelist for usbguard:/dev/null:/bin/false
authpolicyd:!:254:254:authpolicy daemon:/dev/null:/bin/false
p2p:!:239:239:p2p autoupdate helpers:/dev/null:/bin/false
cras:!:600:600:CrOS audio video daemon:/dev/null:/bin/false
cros-disks:!:213:213:CrOS disk managing daemon:/dev/null:/bin/false
authpolicyd-exec:!:607:607:authpolicy process executor:/dev/null:/bin/false
ntfs-3g:!:300:300:NTFS FUSE-based filesystem daemon:/dev/null:/bin/false
fuse-exfat:!:302:302:FUSE-based exfat FS daemon:/dev/null:/bin/false
fuse-rar2fs:!:308:308:FUSE-based RAR mounter:/dev/null:/bin/false
bluetooth:!:218:218:bluez:/dev/null:/bin/false
fuse-zip:!:309:309:FUSE-based ZIP mounter:/dev/null:/bin/false
fuse-sshfs:!:305:305:FUSE-based SFTP client:/dev/null:/bin/false
fuse-drivefs:!:304:304:FUSE-based DriveFS daemon:/dev/null:/bin/false
ml-service:!:20106:20106:CrOS Machine Learning service:/dev/null:/bin/false
crosvm:!:299:299:CrOS virtual machine monitor:/dev/null:/bin/false
power:!:228:228:power management daemon:/dev/null:/bin/false
brltty:!:240:240:braille displays:/dev/null:/bin/false
trunks:!:251:251:Chromium OS trunks daemon runs as this user:/dev/null:/bin/false
oobe_config_save:!:20122:20122:oobe config save utility:/dev/null:/bin/false
oobe_config_restore:!:20121:20121:oobe config restore utility:/dev/null:/bin/false
tpm_manager:!:252:252:Chromium OS tpm_manager daemon runs as this user:/dev/null:/bin/false
chaps:!:223:223:chaps PKCS11 daemon:/dev/null:/bin/false
attestation:!:247:247:Chromium OS attestation daemon runs as this user:/dev/null:/bin/false
pkcs11:!:208:208:PKCS11 clients:/dev/null:/bin/false
shill-crypto:!:237:237:shill's crypto-util:/dev/null:/bin/false
shill-scripts:!:295:295:shill's debug scripts (when run via debugd):/dev/null:/bin/false
nfqueue:!:232:232:netfilter-queue:/dev/null:/bin/false
patchpaneld:!:284:284:CrOS guest networking service daemon:/dev/null:/bin/false
bootlockboxd:!:20107:20107:bootlockbox daemon:/dev/null:/bin/false
cryptohome:!:292:292:cryptohome service and client:/dev/null:/bin/false
pluginvm:!:20128:20128:Plugin VM monitor:/dev/null:/bin/false
syslog:!:202:202:rsyslog:/dev/null:/bin/false
vm_cicerone:!:20112:20112:Daemon for VM container communication:/dev/null:/bin/false
seneschal:!:20114:20114:Steward of the user's /home:/dev/null:/bin/false
seneschal-dbus:!:20115:20115:Owner of the seneschal dbus service:/dev/null:/bin/false
system-proxy:!:20154:20154:CrOS System-wide proxy daemon:/dev/null:/bin/false
wayland:!:601:601:Wayland display access:/dev/null:/bin/false
debugd:!:216:216:debug daemon:/dev/null:/bin/false
debugd-logs:!:235:235:access to unprivileged debugd logs:/dev/null:/bin/false
debugfs-access:!:605:605:access to debugfs:/dev/null:/bin/false
netperf:!:20105:20105:Network Performance measurement tool:/dev/null:/bin/false
dnsmasq:!:268:268:dnsmasq:/dev/null:/bin/false
tcpdump:!:215:215:tcpdump --with-user:/dev/null:/bin/false
nginx:x:20155:20156::/home/nginx:/bin/bash
katie:x:20156:20157::/home/katie:/bin/bash


[00;31m[-] Super user account(s):[00m
root


[00;31m[-] Are permissions on /home directories lax:[00m
total 32K
drwxr-xr-x  8 root    root    4.0K Feb  2 15:55 .
drwxr-xr-x 22 root    root    4.0K Feb  2 14:52 ..
drwx------  4 root    root    4.0K Jul 20  2020 .shadow
drwxr-xr-x 20 chronos chronos 4.0K Feb 28 00:59 chronos
drwxr-xr-x  5 katie   katie   4.0K Feb  2 15:57 katie
drwxr-xr-x  5 nginx   nginx   4.0K Feb 28 03:17 nginx
drwxr-x--t  4 root    root    4.0K Jul 20  2020 root
drwxr-xr-x  4 root    root    4.0K Jul 20  2020 user


[00;33m### ENVIRONMENTAL #######################################[00m
[00;31m[-] Environment information:[00m
MANPATH=/usr/local/share/man:/usr/share/man:/usr/lib/llvm/share/man
SHELL=/bin/bash
TERM=screen
SSH_CLIENT=10.10.14.41 45558 22
SSH_TTY=/dev/pts/0
PORTAGE_CONFIGROOT=/usr/local
USER=nginx
LD_LIBRARY_PATH=/usr/local/lib64
CONFIG_PROTECT_MASK=/etc/gentoo-release /etc/fonts/fonts.conf /etc/terminfo /etc/dconf /etc/ca-certificates.conf
PAGER=/usr/bin/less
PATH=/usr/local/bin:/usr/bin:/bin:/opt/bin:/usr/lib/llvm/bin
MAIL=/var/mail/nginx
PWD=/home/nginx
EDITOR=/usr/bin/vi
GSETTINGS_BACKEND=dconf
HOME=/home/nginx
SHLVL=2
LOGNAME=nginx
SSH_CONNECTION=10.10.14.41 45558 10.129.89.44 22
XDG_DATA_DIRS=/home/nginx/.local/share/flatpak/exports/share:/var/lib/flatpak/exports/share:/usr/local/share:/usr/share
INFOPATH=/usr/share/info
LADSPA_PATH=/usr/lib64/ladspa
XAUTHORITY=/home/chronos/.Xauthority
_=/usr/bin/env


[00;31m[-] Path information:[00m
/usr/local/bin:/usr/bin:/bin:/opt/bin:/usr/lib/llvm/bin
drwxr-xr-x 2 root    root     4096 Jan 15 15:54 /bin
drwxr-xr-x 2 root    root    24576 Feb 11 23:12 /usr/bin
drwxr-xr-x 2 root    root     4096 Jan 15 15:53 /usr/lib/llvm/bin
drwxr-xr-x 2 chronos chronos 32768 Feb 11 23:12 /usr/local/bin


[00;31m[-] Available shells:[00m
# /etc/shells: valid login shells
/bin/bash
/bin/csh
/bin/dash
/bin/esh
/bin/fish
/bin/ksh
/bin/sash
/bin/sh
/bin/tcsh
/bin/zsh


[00;31m[-] Current umask value:[00m
0022
u=rwx,g=rx,o=rx


[00;31m[-] umask value as specified in /etc/login.defs:[00m
UMASK		022


[00;31m[-] Password and storage information:[00m
PASS_MAX_DAYS	99999
PASS_MIN_DAYS	0
PASS_WARN_AGE	7


[00;33m### JOBS/TASKS ##########################################[00m
[00;33m### NETWORKING  ##########################################[00m
[00;31m[-] ARP history:[00m
10.129.0.1 dev eth0 lladdr 00:50:56:b9:b5:5b REACHABLE
fe80::250:56ff:feb9:3bfb dev eth0 lladdr 00:50:56:b9:3b:fb STALE
fe80::250:56ff:feb9:4e2c dev eth0 lladdr 00:50:56:b9:4e:2c STALE
fe80::250:56ff:feb9:2d07 dev eth0 lladdr 00:50:56:b9:2d:07 STALE
fe80::250:56ff:feb9:aff6 dev eth0 lladdr 00:50:56:b9:af:f6 STALE
fe80::250:56ff:feb9:90b0 dev eth0 lladdr 00:50:56:b9:90:b0 STALE
fe80::250:56ff:feb9:498d dev eth0 lladdr 00:50:56:b9:49:8d STALE
fe80::250:56ff:feb9:7d4e dev eth0 lladdr 00:50:56:b9:7d:4e STALE
fe80::250:56ff:feb9:fb46 dev eth0 lladdr 00:50:56:b9:fb:46 STALE
fe80::250:56ff:feb9:5644 dev eth0 lladdr 00:50:56:b9:56:44 STALE
fe80::250:56ff:feb9:817f dev eth0 lladdr 00:50:56:b9:81:7f STALE
fe80::250:56ff:feb9:d49f dev eth0 lladdr 00:50:56:b9:d4:9f STALE
fe80::250:56ff:feb9:6e57 dev eth0 lladdr 00:50:56:b9:6e:57 STALE
fe80::250:56ff:feb9:36e2 dev eth0 lladdr 00:50:56:b9:36:e2 STALE
fe80::250:56ff:feb9:4fd8 dev eth0 lladdr 00:50:56:b9:4f:d8 STALE
fe80::250:56ff:feb9:f707 dev eth0 lladdr 00:50:56:b9:f7:07 STALE
fe80::250:56ff:feb9:cdd0 dev eth0 lladdr 00:50:56:b9:cd:d0 STALE
fe80::250:56ff:feb9:6f4c dev eth0 lladdr 00:50:56:b9:6f:4c STALE
fe80::250:56ff:feb9:b55b dev eth0 lladdr 00:50:56:b9:b5:5b router STALE
fe80::250:56ff:feb9:d9f7 dev eth0 lladdr 00:50:56:b9:d9:f7 STALE
fe80::250:56ff:feb9:c67c dev eth0 lladdr 00:50:56:b9:c6:7c STALE
fe80::250:56ff:feb9:cabd dev eth0 lladdr 00:50:56:b9:ca:bd STALE
fe80::250:56ff:feb9:bc5f dev eth0 lladdr 00:50:56:b9:bc:5f STALE
fe80::250:56ff:feb9:e266 dev eth0 lladdr 00:50:56:b9:e2:66 STALE


[00;31m[-] Nameserver(s):[00m
nameserver 1.1.1.1
nameserver 8.8.8.8


[00;31m[-] Listening TCP:[00m
Active Internet connections (only servers)
Proto Recv-Q Send-Q Local Address           Foreign Address         State       PID/Program name    
tcp        0      0 0.0.0.0:80              0.0.0.0:*               LISTEN      -                   
tcp        0      0 0.0.0.0:22              0.0.0.0:*               LISTEN      -                   
tcp        0      0 127.0.0.1:9000          0.0.0.0:*               LISTEN      -                   
tcp        0      0 0.0.0.0:3306            0.0.0.0:*               LISTEN      -                   
tcp6       0      0 :::22                   :::*                    LISTEN      -                   


[00;31m[-] Listening UDP:[00m
Active Internet connections (only servers)
Proto Recv-Q Send-Q Local Address           Foreign Address         State       PID/Program name    
udp        0      0 0.0.0.0:68              0.0.0.0:*                           -                   
udp        0      0 0.0.0.0:5353            0.0.0.0:*                           -                   


[00;33m### SERVICES #############################################[00m
[00;31m[-] Running processes:[00m
USER        PID %CPU %MEM    VSZ   RSS TTY      STAT START   TIME COMMAND
root          1  0.0  0.0  12564  3888 ?        Ss   00:56   0:02 /sbin/init
root          2  0.0  0.0      0     0 ?        S    00:56   0:00 [kthreadd]
root          3  0.0  0.0      0     0 ?        I<   00:56   0:00 [rcu_gp]
root          4  0.0  0.0      0     0 ?        I<   00:56   0:00 [rcu_par_gp]
root          6  0.0  0.0      0     0 ?        I<   00:56   0:00 [kworker/0:0H-kblockd]
root          8  0.0  0.0      0     0 ?        I<   00:56   0:00 [mm_percpu_wq]
root          9  0.0  0.0      0     0 ?        S    00:56   0:00 [ksoftirqd/0]
root         10  0.0  0.0      0     0 ?        I    00:56   0:01 [rcu_sched]
root         11  0.0  0.0      0     0 ?        S    00:56   0:00 [migration/0]
root         13  0.0  0.0      0     0 ?        S    00:56   0:00 [cpuhp/0]
root         14  0.0  0.0      0     0 ?        S    00:56   0:00 [cpuhp/1]
root         15  0.0  0.0      0     0 ?        S    00:56   0:00 [migration/1]
root         16  0.0  0.0      0     0 ?        S    00:56   0:00 [ksoftirqd/1]
root         18  0.0  0.0      0     0 ?        I<   00:56   0:00 [kworker/1:0H-kblockd]
root         19  0.0  0.0      0     0 ?        I<   00:56   0:00 [kworker/1:1H]
root         20  0.0  0.0      0     0 ?        S    00:56   0:00 [cpuhp/2]
root         21  0.0  0.0      0     0 ?        S    00:56   0:00 [migration/2]
root         22  0.0  0.0      0     0 ?        S    00:56   0:00 [ksoftirqd/2]
root         24  0.0  0.0      0     0 ?        I<   00:56   0:00 [kworker/2:0H-events_highpri]
root         25  0.0  0.0      0     0 ?        I<   00:56   0:00 [kworker/2:1H]
root         26  0.0  0.0      0     0 ?        S    00:56   0:00 [cpuhp/3]
root         27  0.0  0.0      0     0 ?        S    00:56   0:00 [migration/3]
root         28  0.0  0.0      0     0 ?        S    00:56   0:00 [ksoftirqd/3]
root         30  0.0  0.0      0     0 ?        I<   00:56   0:00 [kworker/3:0H-events_highpri]
root         31  0.0  0.0      0     0 ?        I<   00:56   0:00 [kworker/3:1H-events_highpri]
root         32  0.0  0.0      0     0 ?        S    00:56   0:00 [kdevtmpfs]
root         33  0.0  0.0      0     0 ?        I<   00:56   0:00 [netns]
root         35  0.0  0.0      0     0 ?        S    00:56   0:00 [khungtaskd]
root         36  0.0  0.0      0     0 ?        S    00:56   0:00 [oom_reaper]
root         37  0.0  0.0      0     0 ?        I<   00:56   0:00 [writeback]
root         38  0.0  0.0      0     0 ?        S    00:56   0:00 [kcompactd0]
root         39  0.0  0.0      0     0 ?        SN   00:56   0:00 [khugepaged]
root         62  0.0  0.0      0     0 ?        I<   00:56   0:00 [kintegrityd]
root         63  0.0  0.0      0     0 ?        I<   00:56   0:00 [kblockd]
root         64  0.0  0.0      0     0 ?        I<   00:56   0:00 [blkcg_punt_bio]
root         65  0.0  0.0      0     0 ?        I<   00:56   0:00 [tpm_dev_wq]
root         66  0.0  0.0      0     0 ?        I<   00:56   0:00 [ata_sff]
root         67  0.0  0.0      0     0 ?        S    00:56   0:00 [watchdogd]
root         68  0.0  0.0      0     0 ?        I    00:56   0:00 [kworker/1:1-rcu_par_gp]
root         69  0.0  0.0      0     0 ?        S    00:56   0:00 [kswapd0]
root         70  0.0  0.0      0     0 ?        S    00:56   0:00 [ecryptfs-kthrea]
root         71  0.0  0.0      0     0 ?        I<   00:56   0:00 [kthrotld]
root         72  0.0  0.0      0     0 ?        S    00:56   0:00 [irq/24-pciehp]
root         73  0.0  0.0      0     0 ?        S    00:56   0:00 [irq/25-pciehp]
root         74  0.0  0.0      0     0 ?        S    00:56   0:00 [irq/26-pciehp]
root         75  0.0  0.0      0     0 ?        S    00:56   0:00 [irq/27-pciehp]
root         76  0.0  0.0      0     0 ?        S    00:56   0:00 [irq/28-pciehp]
root         77  0.0  0.0      0     0 ?        S    00:56   0:00 [irq/29-pciehp]
root         78  0.0  0.0      0     0 ?        S    00:56   0:00 [irq/30-pciehp]
root         79  0.0  0.0      0     0 ?        S    00:56   0:00 [irq/31-pciehp]
root         80  0.0  0.0      0     0 ?        S    00:56   0:00 [irq/32-pciehp]
root         81  0.0  0.0      0     0 ?        S    00:56   0:00 [irq/33-pciehp]
root         82  0.0  0.0      0     0 ?        S    00:56   0:00 [irq/34-pciehp]
root         83  0.0  0.0      0     0 ?        S    00:56   0:00 [irq/35-pciehp]
root         84  0.0  0.0      0     0 ?        S    00:56   0:00 [irq/36-pciehp]
root         85  0.0  0.0      0     0 ?        S    00:56   0:00 [irq/37-pciehp]
root         86  0.0  0.0      0     0 ?        S    00:56   0:00 [irq/38-pciehp]
root         87  0.0  0.0      0     0 ?        S    00:56   0:00 [irq/39-pciehp]
root         88  0.0  0.0      0     0 ?        S    00:56   0:00 [irq/40-pciehp]
root         89  0.0  0.0      0     0 ?        S    00:56   0:00 [irq/41-pciehp]
root         90  0.0  0.0      0     0 ?        S    00:56   0:00 [irq/42-pciehp]
root         91  0.0  0.0      0     0 ?        S    00:56   0:00 [irq/43-pciehp]
root         92  0.0  0.0      0     0 ?        S    00:56   0:00 [irq/44-pciehp]
root         93  0.0  0.0      0     0 ?        S    00:56   0:00 [irq/45-pciehp]
root         94  0.0  0.0      0     0 ?        S    00:56   0:00 [irq/46-pciehp]
root         95  0.0  0.0      0     0 ?        S    00:56   0:00 [irq/47-pciehp]
root         96  0.0  0.0      0     0 ?        S    00:56   0:00 [irq/48-pciehp]
root         97  0.0  0.0      0     0 ?        S    00:56   0:00 [irq/49-pciehp]
root         98  0.0  0.0      0     0 ?        S    00:56   0:00 [irq/50-pciehp]
root         99  0.0  0.0      0     0 ?        S    00:56   0:00 [irq/51-pciehp]
root        100  0.0  0.0      0     0 ?        S    00:56   0:00 [irq/52-pciehp]
root        101  0.0  0.0      0     0 ?        S    00:56   0:00 [irq/53-pciehp]
root        102  0.0  0.0      0     0 ?        S    00:56   0:00 [irq/54-pciehp]
root        103  0.0  0.0      0     0 ?        S    00:56   0:00 [irq/55-pciehp]
root        105  0.0  0.0      0     0 ?        I<   00:56   0:00 [acpi_thermal_pm]
root        107  0.0  0.0      0     0 ?        I<   00:56   0:00 [drbd-reissue]
root        108  0.0  0.0      0     0 ?        I<   00:56   0:00 [nvme-wq]
root        109  0.0  0.0      0     0 ?        I<   00:56   0:00 [nvme-reset-wq]
root        110  0.0  0.0      0     0 ?        I<   00:56   0:00 [nvme-delete-wq]
root        111  0.0  0.0      0     0 ?        S    00:56   0:00 [scsi_eh_0]
root        112  0.0  0.0      0     0 ?        I<   00:56   0:00 [scsi_tmf_0]
root        113  0.0  0.0      0     0 ?        S    00:56   0:00 [scsi_eh_1]
root        114  0.0  0.0      0     0 ?        I<   00:56   0:00 [scsi_tmf_1]
root        115  0.0  0.0      0     0 ?        S    00:56   0:00 [scsi_eh_2]
root        116  0.0  0.0      0     0 ?        I<   00:56   0:00 [scsi_tmf_2]
root        117  0.0  0.0      0     0 ?        S    00:56   0:00 [scsi_eh_3]
root        118  0.0  0.0      0     0 ?        I<   00:56   0:00 [scsi_tmf_3]
root        119  0.0  0.0      0     0 ?        S    00:56   0:00 [scsi_eh_4]
root        120  0.0  0.0      0     0 ?        I<   00:56   0:00 [scsi_tmf_4]
root        121  0.0  0.0      0     0 ?        S    00:56   0:00 [scsi_eh_5]
root        122  0.0  0.0      0     0 ?        I<   00:56   0:00 [scsi_tmf_5]
root        123  0.0  0.0      0     0 ?        S    00:56   0:00 [scsi_eh_6]
root        124  0.0  0.0      0     0 ?        I<   00:56   0:00 [scsi_tmf_6]
root        125  0.0  0.0      0     0 ?        S    00:56   0:00 [scsi_eh_7]
root        126  0.0  0.0      0     0 ?        I<   00:56   0:00 [scsi_tmf_7]
root        127  0.0  0.0      0     0 ?        S    00:56   0:00 [scsi_eh_8]
root        128  0.0  0.0      0     0 ?        I<   00:56   0:00 [scsi_tmf_8]
root        129  0.0  0.0      0     0 ?        S    00:56   0:00 [scsi_eh_9]
root        130  0.0  0.0      0     0 ?        I<   00:56   0:00 [scsi_tmf_9]
root        131  0.0  0.0      0     0 ?        S    00:56   0:00 [scsi_eh_10]
root        132  0.0  0.0      0     0 ?        I<   00:56   0:00 [scsi_tmf_10]
root        133  0.0  0.0      0     0 ?        S    00:56   0:00 [scsi_eh_11]
root        134  0.0  0.0      0     0 ?        I<   00:56   0:00 [scsi_tmf_11]
root        135  0.0  0.0      0     0 ?        S    00:56   0:00 [scsi_eh_12]
root        136  0.0  0.0      0     0 ?        I<   00:56   0:00 [scsi_tmf_12]
root        137  0.0  0.0      0     0 ?        S    00:56   0:00 [scsi_eh_13]
root        138  0.0  0.0      0     0 ?        I<   00:56   0:00 [scsi_tmf_13]
root        139  0.0  0.0      0     0 ?        S    00:56   0:00 [scsi_eh_14]
root        140  0.0  0.0      0     0 ?        I<   00:56   0:00 [scsi_tmf_14]
root        141  0.0  0.0      0     0 ?        S    00:56   0:00 [scsi_eh_15]
root        142  0.0  0.0      0     0 ?        I<   00:56   0:00 [scsi_tmf_15]
root        143  0.0  0.0      0     0 ?        S    00:56   0:00 [scsi_eh_16]
root        144  0.0  0.0      0     0 ?        I<   00:56   0:00 [scsi_tmf_16]
root        145  0.0  0.0      0     0 ?        S    00:56   0:00 [scsi_eh_17]
root        146  0.0  0.0      0     0 ?        I<   00:56   0:00 [scsi_tmf_17]
root        147  0.0  0.0      0     0 ?        S    00:56   0:00 [scsi_eh_18]
root        148  0.0  0.0      0     0 ?        I<   00:56   0:00 [scsi_tmf_18]
root        149  0.0  0.0      0     0 ?        S    00:56   0:00 [scsi_eh_19]
root        150  0.0  0.0      0     0 ?        I<   00:56   0:00 [scsi_tmf_19]
root        151  0.0  0.0      0     0 ?        S    00:56   0:00 [scsi_eh_20]
root        152  0.0  0.0      0     0 ?        I<   00:56   0:00 [scsi_tmf_20]
root        153  0.0  0.0      0     0 ?        S    00:56   0:00 [scsi_eh_21]
root        154  0.0  0.0      0     0 ?        I<   00:56   0:00 [scsi_tmf_21]
root        155  0.0  0.0      0     0 ?        S    00:56   0:00 [scsi_eh_22]
root        156  0.0  0.0      0     0 ?        I<   00:56   0:00 [scsi_tmf_22]
root        157  0.0  0.0      0     0 ?        S    00:56   0:00 [scsi_eh_23]
root        158  0.0  0.0      0     0 ?        I<   00:56   0:00 [scsi_tmf_23]
root        159  0.0  0.0      0     0 ?        S    00:56   0:00 [scsi_eh_24]
root        160  0.0  0.0      0     0 ?        I<   00:56   0:00 [scsi_tmf_24]
root        161  0.0  0.0      0     0 ?        S    00:56   0:00 [scsi_eh_25]
root        162  0.0  0.0      0     0 ?        I<   00:56   0:00 [scsi_tmf_25]
root        163  0.0  0.0      0     0 ?        S    00:56   0:00 [scsi_eh_26]
root        164  0.0  0.0      0     0 ?        I<   00:56   0:00 [scsi_tmf_26]
root        165  0.0  0.0      0     0 ?        S    00:56   0:00 [scsi_eh_27]
root        166  0.0  0.0      0     0 ?        I<   00:56   0:00 [scsi_tmf_27]
root        167  0.0  0.0      0     0 ?        S    00:56   0:00 [scsi_eh_28]
root        168  0.0  0.0      0     0 ?        I<   00:56   0:00 [scsi_tmf_28]
root        169  0.0  0.0      0     0 ?        S    00:56   0:00 [scsi_eh_29]
root        170  0.0  0.0      0     0 ?        I<   00:56   0:00 [scsi_tmf_29]
root        171  0.0  0.0      0     0 ?        S    00:56   0:00 [scsi_eh_30]
root        172  0.0  0.0      0     0 ?        I<   00:56   0:00 [scsi_tmf_30]
root        174  0.0  0.0      0     0 ?        S    00:56   0:00 [scsi_eh_31]
root        175  0.0  0.0      0     0 ?        I<   00:56   0:00 [scsi_tmf_31]
root        206  0.0  0.0      0     0 ?        I<   00:56   0:00 [dm_bufio_cache]
root        208  0.0  0.0      0     0 ?        I<   00:56   0:00 [ipv6_addrconf]
root        209  0.0  0.0      0     0 ?        I<   00:56   0:00 [kstrp]
root        214  0.0  0.0      0     0 ?        I<   00:56   0:00 [kworker/u257:0]
root        215  0.0  0.0      0     0 ?        I<   00:56   0:00 [charger_manager]
root        218  0.0  0.0      0     0 ?        I<   00:56   0:00 [kworker/0:1H-kblockd]
root        219  0.0  0.0      0     0 ?        I<   00:56   0:00 [ext4-rsv-conver]
root        241  0.0  0.1  18412  5840 ?        Ss   00:56   0:00 udevd --daemon
root        332  0.0  0.0      0     0 ?        S    00:56   0:00 [jbd2/sda16-8]
root        333  0.0  0.0      0     0 ?        I<   00:56   0:00 [ext4-rsv-conver]
root        339  0.0  0.0      0     0 ?        S    00:56   0:00 [jbd2/sda23-8]
root        340  0.0  0.0      0     0 ?        I<   00:56   0:00 [ext4-rsv-conver]
root        359  0.0  0.0      0     0 ?        S    00:56   0:00 [irq/16-vmwgfx]
root        360  0.0  0.0      0     0 ?        I<   00:56   0:00 [ttm_swap]
root        364  0.0  0.0      0     0 ?        S<   00:56   0:00 [loop0]
root        366  0.0  0.0      0     0 ?        I<   00:56   0:00 [kdmflush]
root        377  0.0  0.0      0     0 ?        I<   00:56   0:00 [kcryptd_io/254:]
root        378  0.0  0.0      0     0 ?        I<   00:56   0:00 [kcryptd/254:0]
root        379  0.0  0.0      0     0 ?        S    00:56   0:00 [dmcrypt_write/2]
root        387  0.0  0.0      0     0 ?        I<   00:56   0:00 [dio/sda16]
root        389  0.0  0.0      0     0 ?        S    00:56   0:00 [jbd2/dm-0-8]
root        390  0.0  0.0      0     0 ?        I<   00:56   0:00 [ext4-rsv-conver]
syslog      533  0.0  0.1  35960  7448 ?        S    00:56   0:00 /usr/lib/systemd/systemd-journald
message+    605  0.0  0.0   9896  2684 ?        Ss   00:56   0:01 dbus-daemon --system --fork
syslog      635  0.0  0.0 299140  3656 ?        Sl   00:56   0:00 /usr/sbin/rsyslogd -n -f /etc/rsyslog.chromeos -i /tmp/rsyslogd.pid
root        708  0.0  0.0   4372   848 ?        Ss   00:56   0:00 /bin/sh -e /proc/self/fd/9
root        733  0.0  0.0      0     0 ?        S<   00:56   0:00 [loop1]
root        758  0.0  0.0   7344  2496 ?        S    00:56   0:00 bash /mnt/stateful_partition/rc.local
wpa         759  0.0  0.1  17284  4264 ?        S    00:56   0:00 /usr/sbin/wpa_supplicant -u -s -O/run/wpa_supplicant
root        769  0.0  0.0   7344  2616 ?        S    00:56   0:00 /bin/bash /root/script.sh
chaps       788  0.0  0.2 101968 10652 ?        SLsl 00:56   0:00 /opt/tpm1/sbin/chapsd --auto_load_system_token
root        794  0.0  0.0      0     0 ?        I<   00:56   0:00 [cfg80211]
oobe_co+    797  0.0  0.1  27500  7668 ?        S    00:56   0:00 /usr/sbin/oobe_config_restore
root        802  0.0  0.1 101144  7524 ?        Ssl  00:56   0:02 /opt/tpm1/sbin/tpm_managerd --wait_for_ownership_trigger
root        812  0.0  0.0  20072  3144 ?        Ss   00:56   0:00 /usr/sbin/sshd
root        920  0.0  0.0  16204   404 ?        Ss   00:56   0:00 nginx: master process nginx
nobody      922  0.0  0.0  16724  3540 ?        S    00:56   0:00 nginx: worker process
root       1019  0.0  0.3 407200 12388 ?        SLsl 00:56   0:00 /opt/tpm1/sbin/cryptohomed --noclose --direncryption --vmodule=
shill      1076  0.0  0.3  33968 12088 ?        S    00:56   0:00 /usr/bin/shill --log-level=0 --log-scopes= --vmodule=object_proxy=0,dbus_object=0,bus=0 --portal-list=
syslog     1110  0.0  0.0   6540   968 ?        S    00:56   0:00 /usr/bin/logger --priority daemon err --tag /usr/bin/shill
root       1184  0.0  0.2 102928  8896 ?        Ss   00:56   0:00 php-fpm: master process (/usr/local/etc/php-fpm.conf)
nginx      1199  0.1  1.1 205848 44920 ?        S    00:56   0:09 php-fpm: pool www
nginx      1201  0.0  1.1 206112 44736 ?        S    00:56   0:07 php-fpm: pool www
root       1210  0.0  0.0   4372  1792 ?        S    00:56   0:00 /bin/sh /usr/local/bin/mysqld_safe --bind-address=0.0.0.0 --user=chronos
root       1212  0.1  0.1 248920  5884 ?        Sl   00:56   0:14 /usr/local/bin/vmtoolsd
attesta+   1709  0.0  0.2 177440  8668 ?        SLsl 00:56   0:02 /opt/tpm1/sbin/attestationd
root       1802  0.0  0.3  38564 14700 ?        S    00:56   0:00 python2.7 /opt/neverware/install_service.py
root       1884  0.0  0.1  19352  6564 ?        Ss   00:56   0:00 periodic_scheduler --period=3600 --timeout=14400 --start_immediately --task_name=crash_sender -- /sbin/crash_sender
root       1887  0.0  0.2  20672  8164 ?        Ss   00:56   0:00 /usr/bin/patchpaneld
root       1899  0.0  0.2  29496  9324 ?        Ss   00:56   0:00 neverware_daemon
patchpa+   1904  0.0  0.1  22636  7292 ?        Ss   00:56   0:00 /usr/bin/patchpaneld --adb_proxy_fd=4
patchpa+   1905  0.0  0.1  22632  7296 ?        Ss   00:56   0:00 /usr/bin/patchpaneld --mcast_proxy_fd=6
patchpa+   1907  0.0  0.1  22632  7416 ?        Ss   00:56   0:00 /usr/bin/patchpaneld --nd_proxy_fd=8
root       1949  0.0  0.0      0     0 ?        I<   00:56   0:00 [iprt-VBoxWQueue]
devbrok+   1953  0.0  0.1  24948  6908 ?        S    00:56   0:00 /usr/bin/permission_broker
root       1967  0.0  0.1  19352  6156 ?        Ss   00:56   0:00 periodic_scheduler --period=3600 --timeout=600 --task_name=update_userdataauth -- /usr/libexec/cryptohome/update_userdataauth_from_features.sh
root       1975  0.0  0.0      0     0 ?        S    00:56   0:00 [iprt-VBoxTscThr]
root       1994  0.0  0.0   8612  1816 ?        Ss   00:56   0:00 minijail0 -u cras -g cras -G --uts -v -l -T static -P /mnt/empty -b / / -k tmpfs /run tmpfs MS_NODEV MS_NOEXEC MS_NOSUID mode=755,size=10M -b /run/cras /run/cras 1 -b /run/dbus /run/dbus 1 -b /run/systemd/journal -b /run/udev /run/udev -b /dev /dev -b /dev/shm /dev/shm 1 -k proc /proc proc -b /sys /sys -k tmpfs /var tmpfs MS_NODEV MS_NOEXEC MS_NOSUID mode=755,size=10M -b /var/lib/metrics/ /var/lib/metrics/ 1 -- /sbin/minijail0 -n -S /usr/share/policy/cras-seccomp.policy -- /usr/bin/cras --disable_profile=hsp
avahi      2000  0.0  0.0  11484  2636 ?        S    00:56   0:00 avahi-daemon: running [c03bee99a31afd590cea1700603b5ac6.local]
modem      2011  0.0  0.1 243092  6888 ?        Sl   00:56   0:00 /usr/sbin/ModemManager --log-level=INFO
root       2034  0.0  0.1  19352  5828 ?        Ss   00:56   0:00 periodic_scheduler --period=86400 --timeout=600 --task_name=cleanup_logs -- /usr/sbin/chromeos-cleanup-logs
root       2040  0.0  0.1  30108  6408 ?        Ss   00:56   0:00 update_engine
avahi      2053  0.0  0.0  11484   220 ?        S    00:56   0:00 avahi-daemon: chroot helper
root       2057  0.0  0.0   8992  1636 ?        S    00:56   0:00 upstart-socket-bridge --daemon
cras       2065  0.0  0.0   6648  1880 ?        S    00:56   0:00 /sbin/minijail0 -n -S /usr/share/policy/cras-seccomp.policy -- /usr/bin/cras --disable_profile=hsp
cras       2076  0.0  0.0      0     0 ?        Zl   00:56   0:00 [cras] <defunct>
root       2245  0.0  0.0      0     0 ?        I    00:56   0:00 [kworker/2:4-rcu_par_gp]
root       2396  0.0  0.0      0     0 ?        I<   00:56   0:00 [cryptd]
root       2409  0.0  0.0      0     0 ?        I    00:56   0:04 [kworker/2:5-rcu_par_gp]
root       2436  0.0  0.0      0     0 ?        I    00:56   0:00 [kworker/0:4-rcu_par_gp]
root       2446  0.0  0.0      0     0 ?        I    00:56   0:00 [kworker/0:5-events]
dhcp       2467  0.0  0.0  11264  2812 ?        S    00:56   0:00 /sbin/dhcpcd -B -q -4 eth0=ethernet_any
root       2491  0.0  0.1  19352  6412 ?        Ss   00:56   0:00 periodic_scheduler --period=3600 --timeout=60 --task_name=cros-machine-id-regen -- /usr/sbin/cros-machine-id-regen -r periodic -t 21600
root       2593  0.0  0.0   8612   164 ?        S    00:56   0:00 /sbin/minijail0 -T static --profile=minimalistic-mountns -i -p -v -r --uts -l -g syslog --mount-dev -b /dev/log -b /sys -k /var /var tmpfs MS_NODEV MS_NOEXEC MS_NOSUID mode=755,size=10M -b /var/log -b /var/spool  1 -b /var/lib/metrics  1 -b /var/lib/whitelist -k /run /run tmpfs MS_NODEV MS_NOEXEC MS_NOSUID mode=755,size=10M -b /run/crash_reporter  1 -b /run/dbus -b /home/chronos -- /usr/bin/anomaly_detector
root       2597  0.0  0.0   8744  1808 ?        Ss   00:56   0:00 /sbin/minijail0 -u bluetooth -g bluetooth -G -c 3500 -n -- /usr/libexec/bluetooth/bluetoothd  --nodetach --configfile=/etc/bluetooth/main.conf --experimental
root       2616  0.1  0.2  26996 10152 ?        S    00:56   0:11 /usr/bin/anomaly_detector
bluetoo+   2640  0.0  0.2  27616  8024 ?        S    00:56   0:00 /usr/libexec/bluetooth/bluetoothd  --nodetach --configfile=/etc/bluetooth/main.conf --experimental
root       2649  0.0  0.0   8744   200 ?        S    00:56   0:00 minijail0 -u bluetooth -g bluetooth -G -i -n -l -p -v -r -t --uts -e --profile minimalistic-mountns -k /run /run tmpfs MS_NODEV MS_NOEXEC MS_NOSUID mode=755,size=10M -k /var /var tmpfs MS_NODEV MS_NOEXEC MS_NOSUID mode=755,size=10M -k /sys /sys tmpfs MS_NODEV MS_NOEXEC MS_NOSUID mode=755,size=10M -b /run/chromeos-config/v1 -b /dev/log /dev/log 1 -b /run/dbus -b /var/lib/bluetooth  1 -b /sys/devices/virtual/dmi/id -- /usr/bin/btdispatch --vmodule=
bluetoo+   2683  0.0  0.1  21632  5868 ?        S    00:56   0:00 /usr/bin/btdispatch --vmodule=
root       2689  0.0  0.0   6648   188 ?        S    00:56   0:00 minijail0 -i -p -v -r --uts -l --profile minimalistic-mountns -b /dev/log -b /dev/rtc -k /run /run tmpfs MS_NODEV MS_NOEXEC MS_NOSUID mode=755,size=10M -b /run/dbus  1 -b /run/shill -k /var /var tmpfs MS_NODEV MS_NOEXEC MS_NOSUID mode=755,size=10M -b /var/cache/tlsdated  1 /usr/bin/tlsdated -- /usr/bin/tlsdate -v -C /usr/share/chromeos-ca-certificates -l
tlsdate    2697  0.0  0.0  15588  3344 ?        S    00:56   0:00 /usr/bin/tlsdated -- /usr/bin/tlsdate -v -C /usr/share/chromeos-ca-certificates -l
root       2698  0.0  0.0   4372  1588 ?        Ss   00:56   0:02 /bin/sh /usr/share/cros/init/activate_date.sh
root       2713  0.0  0.0  13492   416 ?        S    00:56   0:00 /usr/bin/tlsdated -- /usr/bin/tlsdate -v -C /usr/share/chromeos-ca-certificates -l
metrics    2864  0.0  0.2  29228  9688 ?        S    00:56   0:03 /usr/bin/metrics_daemon --nodaemon
root       2888  0.0  0.0   6648   204 ?        S    00:56   0:00 minijail0 --profile minimalistic-mountns -b /dev/log -b /dev/chromeos-low-mem -b /sys -k /var /var tmpfs MS_NODEV MS_NOEXEC MS_NOSUID mode=755,size=10M -b /var/log/memd  1 -k /run /run tmpfs MS_NODEV MS_NOEXEC MS_NOSUID mode=755,size=10M -b /run/dbus --uts -p -e -n -l -S /usr/share/policy/memd-seccomp.policy -i -- /usr/bin/memd
root       2891  0.0  0.0  11564  2936 ?        S    00:56   0:00 /usr/bin/memd
root       3535  0.0  0.2  30340 10424 ?        Ss   00:59   0:00 /usr/bin/cros_healthd
cros_he+   3540  0.0  0.1  32436  5836 ?        S    00:59   0:00 /usr/bin/cros_healthd
chronos    3576  0.4  5.1 1604212 207044 ?      Sl   00:59   0:38 /usr/local/bin/mysqld --basedir=/usr/local --datadir=/usr/local/data --plugin-dir=/usr/local/lib/mysql/plugin --user=chronos --bind-address=0.0.0.0 --log-error=spectra.err --pid-file=spectra.pid
root       8422  0.1  0.0      0     0 ?        I    02:03   0:08 [kworker/3:1-events]
root       8857  0.0  0.0      0     0 ?        I    02:09   0:00 [kworker/u256:4-kcryptd/254:0]
nginx     10708  0.2  1.1 206120 45100 ?        S    02:34   0:06 php-fpm: pool www
root      11619  0.0  0.0      0     0 ?        I    02:46   0:00 [kworker/u256:1-kcryptd/254:0]
root      11825  0.0  0.1  28136  5748 ?        Ss   02:49   0:00 sshd: nginx [priv]
nginx     11828  0.0  0.1  28136  4092 ?        S    02:49   0:00 sshd: nginx@pts/0
nginx     11830  0.0  0.0   7584  2952 pts/0    Ss   02:49   0:00 -bash
root      12385  0.0  0.0      0     0 ?        I    02:56   0:00 [kworker/u256:0-events_unbound]
root      13117  0.0  0.0      0     0 ?        I    03:05   0:00 [kworker/1:0-events]
root      13118  0.0  0.0      0     0 ?        I    03:05   0:00 [kworker/3:0-events]
root      13203  0.0  0.0      0     0 ?        I    03:06   0:00 [kworker/u256:3-kcryptd/254:0]
root      14075  0.0  0.0      0     0 ?        I    03:17   0:00 [kworker/3:2-events]
root      14078  0.0  0.0      0     0 ?        I    03:17   0:00 [kworker/3:3-events]
root      14079  0.0  0.0      0     0 ?        I    03:17   0:00 [kworker/3:4]
nginx     14585  0.0  0.0   6040  3312 pts/0    S+   03:19   0:00 bash linenum.sh
nginx     14586  0.0  0.0   9536   424 pts/0    S+   03:19   0:00 /usr/bin/coreutils --coreutils-prog-shebang=tee /usr/bin/tee linenum.log
nginx     14589  0.0  0.0   6168  2880 pts/0    S+   03:19   0:00 bash linenum.sh
nginx     14590  0.0  0.0   9536   416 pts/0    S+   03:19   0:00 /usr/bin/coreutils --coreutils-prog-shebang=tee /usr/bin/tee -a
root      14592  0.0  0.0      0     0 ?        I    03:19   0:00 [kworker/2:0-events]
root      14827  0.0  0.0   9404  1004 ?        S    03:19   0:00 /usr/bin/coreutils --coreutils-prog-shebang=sleep /usr/bin/sleep 60
root      14833  0.0  0.0   9404  1084 ?        S    03:19   0:00 /usr/bin/coreutils --coreutils-prog-shebang=sleep /usr/bin/sleep 1
nginx     14845  0.0  0.0   6168  2696 pts/0    S+   03:19   0:00 bash linenum.sh
nginx     14846  0.0  0.0   9204  1928 pts/0    R+   03:19   0:00 ps aux


[00;31m[-] Process binaries and associated permissions (from above list):[00m
544K -rwxr-xr-x 1 root    root    540K Dec 22 05:46 /bin/bash
   0 lrwxrwxrwx 1 root    root       4 Dec 22 05:46 /bin/sh -> dash
604K -rwxr-xr-x 1 root    root    598K Jan 15 15:34 /opt/tpm1/sbin/attestationd
476K -rwxr-xr-x 1 root    root    470K Jan 15 15:34 /opt/tpm1/sbin/chapsd
1.5M -rwxr-xr-x 1 root    root    1.5M Jan 15 15:34 /opt/tpm1/sbin/cryptohomed
220K -rwxr-xr-x 1 root    root    214K Jan 15 15:33 /opt/tpm1/sbin/tpm_managerd
216K -r-xr-xr-x 1 root    root    212K Dec 22 05:54 /sbin/dhcpcd
136K -rwxr-xr-x 1 root    root    129K Dec 22 05:54 /sbin/init
136K -rwxr-xr-x 1 root    root    132K Jan 15 15:30 /sbin/minijail0
 92K -rwxr-xr-x 1 root    root     87K Jan 15 15:33 /usr/bin/anomaly_detector
 56K -rwxr-xr-x 1 root    root     49K Jan 15 15:33 /usr/bin/btdispatch
888K -rwxr-xr-x 1 root    root    881K Dec 22 05:45 /usr/bin/coreutils
732K -rwxr-xr-x 1 root    root    728K Jan 15 15:32 /usr/bin/cros_healthd
 28K -rwxr-xr-x 1 root    root     27K Dec 22 05:52 /usr/bin/logger
452K -rwxr-xr-x 1 root    root    446K Jan 15 15:31 /usr/bin/memd
240K -rwxr-xr-x 1 root    root    235K Jan 15 15:32 /usr/bin/metrics_daemon
388K -rwxr-xr-x 1 root    root    383K Jan 15 15:34 /usr/bin/patchpaneld
116K -rwxr-xr-x 1 root    root    110K Jan 15 15:32 /usr/bin/permission_broker
2.0M -rwxr-xr-x 1 root    root    2.0M Jan 15 15:34 /usr/bin/shill
 48K -rwxr-xr-x 1 root    root     46K Dec 22 05:53 /usr/bin/tlsdated
132K -rwxr-xr-x 1 root    root    125K Dec 22 05:59 /usr/lib/systemd/systemd-journald
724K -rwxr-xr-x 1 root    root    720K Dec 22 06:10 /usr/libexec/bluetooth/bluetoothd
 24M -rwxr-xr-x 1 chronos chronos  24M Jun 29  2020 /usr/local/bin/mysqld
256K -rwxr-xr-x 1 root    root    254K Feb 11 23:12 /usr/local/bin/vmtoolsd
928K -rwxr-xr-x 1 root    root    924K Dec 22 05:57 /usr/sbin/ModemManager
120K -rwxr-xr-x 1 root    root    114K Jan 15 15:33 /usr/sbin/oobe_config_restore
544K -rwxr-xr-x 1 root    root    538K Dec 22 05:53 /usr/sbin/rsyslogd
576K -rwxr-xr-x 1 root    root    572K Dec 22 05:55 /usr/sbin/sshd
1.3M -rwxr-xr-x 1 root    root    1.3M Dec 22 05:59 /usr/sbin/wpa_supplicant


[00;31m[-] /etc/init.d/ binary permissions:[00m
total 28
drwxr-xr-x  2 root root  4096 Jan 15 15:52 .
drwxr-xr-x 63 root root  4096 Feb 11 23:12 ..
-rw-r--r--  1 root root 19192 Dec 22 05:37 functions.sh


[00;31m[-] /etc/init/ config file permissions:[00m
total 768
drwxr-xr-x  2 root root       12288 Feb  3 16:46 .
drwxr-xr-x 63 root root        4096 Feb 11 23:12 ..
-rw-r--r--  1 root root         358 Dec 22 05:39 activate_date.conf
-rw-r--r--  1 root root        2211 Jan 15 15:33 anomaly-detector.conf
-rw-r--r--  1 root root        2818 Jan 15 15:34 attestationd.conf
-rw-r--r--  1 root root        4745 Jan 15 15:33 authpolicyd.conf
-rw-r--r--  1 root root         178 Dec 22 05:38 autoinstall.conf
-rw-r--r--  1 root root         978 Feb  3 16:46 autologin.conf
-rw-r--r--  1 root root        1618 Dec 22 05:55 avahi.conf
-rw-r--r--  1 root root         599 Dec 22 06:10 bluetoothd.conf
-rw-r--r--  1 root root         640 Dec 22 06:10 bluetoothlog.conf
-rw-r--r--  1 root root         560 Jan 15 15:35 boot-alert-ready.conf
-rw-r--r--  1 root root         741 Jan 15 15:35 boot-complete.conf
-rw-r--r--  1 root root        1580 Jan 15 15:35 boot-services.conf
-rw-r--r--  1 root root        2202 Jan 15 15:35 boot-splash.conf
-rw-r--r--  1 root root        4326 Jan 15 15:35 boot-update-firmware.conf
-rw-r--r--  1 root root         981 Jan 15 15:34 bootlockboxd.conf
-rw-r--r--  1 root root         477 Dec 22 06:11 brltty.conf
-rw-r--r--  1 root root        2695 Jan 15 15:33 btdispatch.conf
-rw-r--r--  1 root root        4719 Jan 15 15:35 cgroups.conf
-rw-r--r--  1 root root         820 Jan 15 15:34 chapsd.conf
-rw-r--r--  1 root root         999 Jan 15 15:30 check_for_plugin_updates.conf
-rw-r--r--  1 root root        1031 Jan 15 15:34 chunneld.conf
-rw-r--r--  1 root root         691 Jan 15 15:35 cleanup-shutdown-logs.conf
-rw-r--r--  1 root root        1704 Dec 22 05:48 conntrackd.conf
-rw-r--r--  1 root root         309 Jan 15 15:33 cpufreq.conf
-rw-r--r--  1 root root         762 Jan 15 15:33 cras.conf
-rw-r--r--  1 root root         901 Jan 15 15:33 crash-boot-collect.conf
-rw-r--r--  1 root root         478 Jan 15 15:33 crash-reporter-early-init.conf
-rw-r--r--  1 root root         867 Jan 15 15:33 crash-reporter.conf
-rw-r--r--  1 root root        1072 Jan 15 15:33 crash-sender.conf
-rw-r--r--  1 root root        3997 Jan 15 15:32 cros-disks.conf
-rw-r--r--  1 root root         371 Dec 22 05:48 cros-machine-id-regen-network.conf
-rw-r--r--  1 root root         497 Dec 22 05:48 cros-machine-id-regen-periodic.conf
-rw-r--r--  1 root root         797 Jan 15 15:31 cros_configfs.conf
-rw-r--r--  1 root root         954 Jan 15 15:32 cros_healthd.conf
-rw-r--r--  1 root root        1272 Jan 15 15:31 crosdns.conf
-rw-r--r--  1 root root         490 Jan 15 15:33 crx-import.conf
-rw-r--r--  1 root root        1268 Jan 15 15:34 cryptohome-proxy.conf
-rw-r--r--  1 root root        1624 Jan 15 15:34 cryptohome-update-userdataauth.conf
-rw-r--r--  1 root root         407 Jan 15 15:34 cryptohomed-client.conf
-rw-r--r--  1 root root        2479 Jan 15 15:34 cryptohomed.conf
-rw-r--r--  1 root root         802 Jan 15 15:30 cups-clear-state.conf
-rw-r--r--  1 root root         718 Jan 15 15:30 cups-post-upstart-socket-bridge.conf
-rw-r--r--  1 root root         533 Jan 15 15:30 cups-pre-upstart-socket-bridge.conf
-rw-r--r--  1 root root        2169 Jan 15 15:30 cupsd.conf
-rw-r--r--  1 root root        1729 Jan 15 15:35 dbus.conf
-rw-r--r--  1 root root         297 Dec 22 06:10 dbus_session.conf
-rw-r--r--  1 root root        2470 Jan 15 15:35 debugd.conf
-rw-r--r--  1 root root         326 Dec 22 05:55 dlm-resume.conf
-rw-r--r--  1 root root         339 Dec 22 05:55 dlm-suspend.conf
-rw-r--r--  1 root root        1317 Dec 22 05:55 dlm.conf
-rw-r--r--  1 root root         541 Dec 22 05:37 eeti-gtouch.conf
-rw-r--r--  1 root root         650 Jan 15 15:35 ext-pci-drivers-allowlist.conf
-rw-r--r--  1 root root        1025 Jan 15 15:35 failsafe-delay.conf
-rw-r--r--  1 root root        1560 Jan 15 15:35 failsafe.conf
-rw-r--r--  1 root root        1412 Jan 15 15:35 file_attrs_cleaner_tool.conf
-rw-r--r--  1 root root         591 Jan 15 15:35 firmware-version.conf
-rw-r--r--  1 root root         174 Jan 15 15:30 fixwireless.conf
-rw-r--r--  1 root root         376 Dec 22 06:10 flatpak.conf
-rw-r--r--  1 root root         170 Dec 22 06:10 flatpak_daemon.conf
-rw-r--r--  1 root root         860 Dec 22 06:10 flatpak_update.conf
-rw-r--r--  1 root root        1127 Dec 22 06:00 fwupdtool-activate.conf
-rw-r--r--  1 root root         927 Dec 22 06:00 fwupdtool-getdevices.conf
-rw-r--r--  1 root root        1921 Dec 22 06:00 fwupdtool-update.conf
-rw-r--r--  1 root root         602 Dec 22 05:37 googletts.conf
-rw-r--r--  1 root root         539 Jan 15 15:35 halt.conf
-rw-r--r--  1 root root         922 Jan 15 15:31 image-burner.conf
-rw-r--r--  1 root root         396 Jan 15 15:31 imageloader-shutdown.conf
-rw-r--r--  1 root root        1140 Jan 15 15:31 imageloader.conf
-rw-r--r--  1 root root         370 Jan 15 15:34 init-homedirs.conf
-rw-r--r--  1 root root        1081 Jan 15 15:33 install-completed.conf
-rw-r--r--  1 root root         359 Dec 22 05:59 install-logs.conf
-rw-r--r--  1 root root        1232 Jan 15 15:35 ip6tables.conf
-rw-r--r--  1 root root         816 Jan 15 15:34 ippusb-post-upstart-socket-bridge.conf
-rw-r--r--  1 root root         560 Jan 15 15:34 ippusb-pre-upstart-socket-bridge.conf
-rw-r--r--  1 root root         765 Jan 15 15:34 ippusb.conf
-rw-r--r--  1 root root        2142 Jan 15 15:35 iptables.conf
-rw-r--r--  1 root root        2459 Jan 15 15:35 journald.conf
-rw-r--r--  1 root root        3035 Jan 15 15:33 kerberosd.conf
-rw-r--r--  1 root root         644 Jan 15 15:34 lockbox-cache.conf
-rw-r--r--  1 root root         325 Dec 22 06:08 log-bootid-on-boot.conf
-rw-r--r--  1 root root         508 Jan 15 15:35 log-rotate.conf
-rw-r--r--  1 root root         601 Jan 15 15:35 login.conf
-rw-r--r--  1 root root         517 Jan 15 15:35 logout.conf
-rw-r--r--  1 root root        1344 Jan 15 15:32 lorgnette.conf
-rw-r--r--  1 root root        1242 Jan 15 15:35 machine-info.conf
-rw-r--r--  1 root root        1802 Jan 15 15:31 memd.conf
-rw-r--r--  1 root root        3431 Jan 15 15:32 metrics_daemon.conf
-rw-r--r--  1 root root        1474 Jan 15 15:32 metrics_library.conf
-rw-r--r--  1 root root        1603 Jan 15 15:34 ml-service.conf
-rw-r--r--  1 root root        1162 Dec 22 05:56 modemmanager.conf
-rw-r--r--  1 root root        1197 Jan 15 15:34 mount-encrypted.conf
-rw-r--r--  1 root root        1274 Jan 15 15:32 mtpd.conf
-rw-r--r--  1 root root         910 Jan 15 15:34 network-services.conf
-rw-r--r--  1 root root         841 Jan 15 15:35 neverware-client-id.conf
-rw-r--r--  1 root root         193 Jan 15 15:31 neverware_daemon.conf
-rw-r--r--  1 root root         272 Jan 15 15:31 neverware_dmi_logger.conf
-rw-r--r--  1 root root         167 Jan 15 15:31 neverware_fixhw.conf
-rw-r--r--  1 root root         209 Jan 15 15:31 neverware_fixnet.conf
-rw-r--r--  1 root root         465 Jan 15 15:31 neverware_fixsnd.conf
-rw-r--r--  1 root root         205 Dec 22 05:59 neverware_write_running_from_file.conf
-rw-r--r--  1 root root        2566 Jan 15 15:33 oobe_config_restore.conf
-rw-r--r--  1 root root        2001 Jan 15 15:33 oobe_config_save.conf
lrwxrwxrwx  1 root root          55 Jan 15 15:35 openssh-server.conf -> /usr/share/chromeos-ssh-config/init/openssh-server.conf
-rw-r--r--  1 root root        2341 Dec 22 05:37 openssh-server.conf.README
-rw-r--r--  1 root root           7 Jan 15 16:03 openssh-server.override
-rw-r--r--  1 root root        1647 Jan 15 15:32 p2p.conf
-rw-r--r--  1 root root         593 Jan 15 15:34 patchpanel.conf
-rw-r--r--  1 root root         968 Jan 15 15:34 pca_agentd.conf
-rw-r--r--  1 root root         882 Jan 15 15:31 pepper-flash-player.conf
-rw-r--r--  1 root root         551 Jan 15 15:32 permission_broker.conf
-rw-r--r--  1 root root        1792 Jan 15 15:33 powerd.conf
-rw-r--r--  1 root root        1669 Jan 15 15:35 pre-shutdown.conf
-rw-r--r--  1 root root         849 Jan 15 15:35 pre-startup.conf
-rw-r--r--  1 root root        3945 Jan 15 15:35 preload-network.conf
-rw-r--r--  1 root root         793 Jan 15 15:35 pstore.conf
-rw-r--r--  1 root root         224 Dec 22 05:50 pulseaudio.conf
-rw-r--r--  1 root root        1009 Dec 22 05:47 rc-local.conf
-rw-r--r--  1 root root         519 Jan 15 15:35 reboot.conf
-rw-r--r--  1 root root        1402 Jan 15 15:35 regulatory-domain.conf
-rw-r--r--  1 root root         614 Jan 15 15:35 report-boot-complete.conf
-rw-r--r--  1 root root         431 Jan 15 15:33 report-power-metrics.conf
-rw-r--r--  1 root root        3020 Jan 15 15:35 rt-limits.conf
-rw-r--r--  1 root root        2650 Jan 15 15:35 send-boot-metrics.conf
-rw-r--r--  1 root root        2231 Jan 15 15:35 send-boot-mode.conf
-rw-r--r--  1 root root           7 Jan 15 15:35 send-boot-mode.override
-rw-r--r--  1 root root         346 Jan 15 15:35 send-disk-metrics.conf
-rw-r--r--  1 root root         164 Dec 22 05:59 send-hardware-info.conf
-rw-r--r--  1 root root         348 Jan 15 15:35 send-kernel-errors.conf
-rw-r--r--  1 root root         572 Jan 15 15:34 send-mount-encrypted-metrics.conf
-rw-r--r--  1 root root         941 Jan 15 15:35 send-powerwash-count.conf
-rw-r--r--  1 root root         716 Jan 15 15:35 send-reclamation-metrics.conf
-rw-r--r--  1 root root         652 Jan 15 15:35 send-recovery-metrics.conf
-rw-r--r--  1 root root         421 Jan 15 15:35 send-uptime-metrics.conf
-rw-r--r--  1 root root        1999 Jan 15 15:37 seneschal.conf
-rw-r--r--  1 root root         448 Jan 15 15:34 shill-event.conf
-rw-r--r--  1 root root         627 Jan 15 15:34 shill-start-user-session.conf
-rw-r--r--  1 root root         492 Jan 15 15:34 shill-stop-user-session.conf
-rw-r--r--  1 root root        2147 Jan 15 15:34 shill.conf
-rw-r--r--  1 root root         544 Jan 15 15:34 shill_respawn.conf
-rw-r--r--  1 root root        2060 Jan 15 15:32 smbproviderd.conf
-rw-r--r--  1 root root         588 Dec 22 06:09 sommelier.conf
-rw-r--r--  1 root root         310 Jan 15 15:35 startup.conf
-rw-r--r--  1 root root         366 Dec 22 05:52 swap.conf
-rw-r--r--  1 root root        1430 Jan 15 15:35 syslog.conf
-rw-r--r--  1 root root         651 Jan 15 15:35 sysrq-init.conf
-rw-r--r--  1 root root        2665 Jan 15 15:34 system-proxy.conf
-rw-r--r--  1 root root        1694 Jan 15 15:35 system-services.conf
-rw-r--r--  1 root root         671 Dec 22 06:10 tcsd.conf
-rw-rw----  1 root developers   478 Jun 29  2020 test.conf
-rw-rw----  1 root developers   478 Jun 29  2020 test1.conf
-rw-rw----  1 root developers   478 Jun 29  2020 test10.conf
-rw-rw----  1 root developers   478 Jun 29  2020 test2.conf
-rw-rw----  1 root developers   478 Jun 29  2020 test3.conf
-rw-rw----  1 root developers   478 Jun 29  2020 test4.conf
-rw-rw----  1 root developers   478 Jun 29  2020 test5.conf
-rw-rw----  1 root developers   478 Jun 29  2020 test6.conf
-rw-rw----  1 root developers   478 Jun 29  2020 test7.conf
-rw-rw----  1 root developers   478 Jun 29  2020 test8.conf
-rw-rw----  1 root developers   478 Jun 29  2020 test9.conf
-rw-r--r--  1 root root        2645 Dec 22 05:53 tlsdated.conf
-rw-r--r--  1 root root        1276 Dec 22 06:10 tpm-probe.conf
-rw-r--r--  1 root root         673 Jan 15 15:33 tpm_managerd.conf
-rw-r--r--  1 root root         696 Jan 15 15:35 trace_marker-test.conf
-rw-r--r--  1 root root         667 Jan 15 15:35 tracefs-init.conf
-rw-r--r--  1 root root        1124 Jan 15 15:35 trim.conf
-rw-r--r--  1 root root         622 Jan 15 15:33 trunksd.conf
-rw-r--r--  1 root root        1930 Jan 15 15:35 udev-trigger-early.conf
-rw-r--r--  1 root root        1305 Jan 15 15:35 udev-trigger.conf
-rw-r--r--  1 root root         771 Jan 15 15:35 udev.conf
-rw-r--r--  1 root root         625 Jan 15 15:35 ui-collect-machine-info.conf
-rw-r--r--  1 root root         770 Jan 15 15:35 ui-init-late.conf
-rw-r--r--  1 root root         341 Jan 15 15:35 ui-respawn.conf
-rw-r--r--  1 root root        2711 Jan 15 15:35 ui.conf
-rw-r--r--  1 root root         340 Jan 15 15:35 uinput.conf
-rw-r--r--  1 root root        1971 Jan 15 15:34 update-engine.conf
-rw-r--r--  1 root root         343 Dec 22 05:54 upstart-socket-bridge.conf
-rw-r--r--  1 root root         766 Dec 22 05:53 ureadahead.conf
-rw-r--r--  1 root root        1034 Jan 15 15:33 usb_bouncer.conf
-rw-r--r--  1 root root        1823 Dec 22 05:55 usbguard-wrapper.conf
-rw-r--r--  1 root root        1858 Dec 22 05:55 usbguard.conf
-rw-r--r--  1 root root         541 Jan 15 15:31 virtualbox.conf
-rw-r--r--  1 root root        1825 Jan 15 15:37 vm_cicerone.conf
-rw-r--r--  1 root root        5958 Jan 15 15:37 vm_concierge.conf
-rw-r--r--  1 root root         950 Jan 15 15:37 vmlog_forwarder.conf
-rw-r--r--  1 root root        1638 Dec 22 05:59 wpasupplicant.conf


[00;31m[-] /lib/systemd/* config file permissions:[00m
/lib/systemd/:
total 4.0K
drwxr-xr-x 2 root root 4.0K Jan 15 15:54 system

/lib/systemd/system:
total 124K
-rw-r--r-- 1 root root  232 Dec 22 06:10 xl2tpd.service
-rw-r--r-- 1 root root  213 Dec 22 06:08 cups-browsed.service
-rw-r--r-- 1 root root  199 Dec 22 06:07 samba.service
-rw-r--r-- 1 root root  240 Dec 22 06:07 winbindd.service
-rw-r--r-- 1 root root  145 Dec 22 06:07 smbd@.service
-rw-r--r-- 1 root root  250 Dec 22 06:07 smbd.service
-rw-r--r-- 1 root root  121 Dec 22 06:07 smbd.socket
-rw-r--r-- 1 root root  224 Dec 22 06:07 nmbd.service
-rw-r--r-- 1 root root  122 Dec 22 06:01 mit-krb5kpropd.socket
-rw-r--r-- 1 root root  162 Dec 22 06:01 mit-krb5kpropd@.service
-rw-r--r-- 1 root root  128 Dec 22 06:01 mit-krb5kpropd.service
-rw-r--r-- 1 root root  129 Dec 22 06:01 mit-krb5kdc.service
-rw-r--r-- 1 root root  137 Dec 22 06:01 mit-krb5kadmind.service
-rw-r--r-- 1 root root  246 Dec 22 05:56 strongswan.service
-rw-r--r-- 1 root root  176 Dec 22 05:55 sshd@.service
-rw-r--r-- 1 root root  242 Dec 22 05:55 sshd.service
-rw-r--r-- 1 root root  136 Dec 22 05:55 sshd.socket
-rw-r--r-- 1 root root  976 Dec 22 05:54 avahi-dnsconfd.service
-rw-r--r-- 1 root root 1.1K Dec 22 05:54 avahi-daemon.service
-rw-r--r-- 1 root root  870 Dec 22 05:54 avahi-daemon.socket
-rw-r--r-- 1 root root  183 Dec 22 05:53 dhcpcd.service
-rw-r--r-- 1 root root  435 Dec 22 05:53 rsyslog.service
-rw-r--r-- 1 root root  550 Dec 22 05:52 e2scrub_reap.service
-rw-r--r-- 1 root root  230 Dec 22 05:52 e2scrub_fail@.service
-rw-r--r-- 1 root root  251 Dec 22 05:52 e2scrub_all.timer
-rw-r--r-- 1 root root  297 Dec 22 05:52 e2scrub_all.service
-rw-r--r-- 1 root root  438 Dec 22 05:52 e2scrub@.service
-rw-r--r-- 1 root root  404 Dec 22 05:47 ip6tables-restore.service
-rw-r--r-- 1 root root  243 Dec 22 05:47 ip6tables-store.service
-rw-r--r-- 1 root root  400 Dec 22 05:47 iptables-restore.service
-rw-r--r-- 1 root root  240 Dec 22 05:47 iptables-store.service


[00;33m### SOFTWARE #############################################[00m
[00;31m[-] Sudo version:[00m
Sudo version 1.8.32


[00;31m[-] MYSQL version:[00m
mysql  Ver 14.14 Distrib 5.7.20-19, for Linux (x86_64) using  6.3


[00;33m### INTERESTING FILES ####################################[00m
[00;31m[-] Useful file locations:[00m
/usr/local/bin/wget
/usr/local/bin/gcc
/usr/local/bin/curl


[00;31m[-] Can we read/write sensitive files:[00m
-rw-r--r-- 1 root root 5754 Feb  2 15:55 /etc/passwd
-rw-r--r-- 1 root root 3321 Feb  3 03:15 /etc/group
-rw-r--r-- 1 root root 2218 Jul  2  2011 /etc/profile
-rw------- 1 root root 156 Feb  3 16:36 /etc/shadow
-rw-r--r-- 1 root root 0 Jan 15 15:52 /etc/master.passwd


[00;31m[-] SUID files:[00m
-rwsr-xr-x 1 root root 575920 Feb 11 02:27 /usr/bin/sudo
-rws--x--- 1 root power 17664 Jan 15 15:33 /usr/bin/powerd_setuid_helper
-rws--x--- 1 root messagebus 30872 Dec 22 05:48 /usr/libexec/dbus-daemon-launch-helper


[00;31m[+] Files with POSIX capabilities set:[00m
/usr/bin/fusermount = cap_sys_admin+ep
/bin/arping = cap_net_raw+ep
/bin/ping = cap_net_raw+ep


[-] Can't search *.conf files as no keyword was entered

[-] Can't search *.php files as no keyword was entered

[-] Can't search *.log files as no keyword was entered

[-] Can't search *.ini files as no keyword was entered

[00;31m[-] All *.conf files in /etc (recursive 1 level):[00m
-rw-r--r-- 1 root root 138 Dec 22 05:52 /etc/e2fsck.conf
-rw-r--r-- 1 root root 79 Jan 15 15:37 /etc/arcvm_dev.conf
-rw-r--r-- 1 tss tss 7046 Dec 22 06:10 /etc/tcsd.conf
-rw-r--r-- 1 root root 685 Dec 22 05:52 /etc/e2scrub.conf
-rw-r--r-- 1 root root 48 Jan 15 15:34 /etc/update_engine.conf
-rw-r--r-- 1 root root 98 Jan 15 15:33 /etc/asound.conf
-rw-r--r-- 1 root root 181 Jan 15 15:53 /etc/ld.so.conf
-rw-r--r-- 1 root root 846 Dec 22 05:52 /etc/mke2fs.conf
-rw-r--r-- 1 root root 910 Dec 22 06:11 /etc/brltty.conf
-rw-r--r-- 1 root root 1562 Dec 22 05:53 /etc/rsyslog.conf
-rw-r--r-- 1 root root 1506 Dec 22 05:53 /etc/dhcpcd.conf
-rw-r--r-- 1 root root 14545 Jan 15 15:33 /etc/crash_reporter_logs.conf
-rw-r--r-- 1 root root 453 Jan 15 15:34 /etc/cryptohome_userdataauth_interface.conf
-rw-r--r-- 1 root root 1787 Dec 22 05:40 /etc/request-key.conf
-rw-r--r-- 1 root root 1932 Jan 15 15:35 /etc/chrome_dev.conf
-rw-r--r-- 1 root root 764 Dec 22 05:37 /etc/update_manager.conf
-rw-r--r-- 1 root root 5718 Dec 22 05:52 /etc/ca-certificates.conf
-rw-r--r-- 1 root root 49 Dec 22 05:55 /etc/nsswitch.conf
-rw-r--r-- 1 root root 693 Dec 22 05:57 /etc/fuse.conf


[00;31m[-] Current user's history files:[00m
lrwxrwxrwx 1 root  root    9 Feb  4 12:43 /home/nginx/.bash_history -> /dev/null
-rw------- 1 nginx nginx 168 Feb 28 02:58 /home/nginx/.sqlite_history


[00;31m[-] Location and contents (if accessible) of .bash_history file(s):[00m
/home/nginx/.bash_history
/home/katie/.bash_history


[00;31m[-] Location and Permissions (if accessible) of .bak file(s):[00m
-rw-r--r-- 1 chronos chronos 7141 Jan  2  2018 /usr/local/share/nodebrew/node/v8.9.4/lib/node_modules/npm/node_modules/request/node_modules/form-data/README.md.bak
-rw-r--r-- 1 chronos chronos 7141 Jan  2  2018 /mnt/stateful_partition/dev_image/share/nodebrew/node/v8.9.4/lib/node_modules/npm/node_modules/request/node_modules/form-data/README.md.bak


[00;31m[-] Anything juicy in the Dockerfile:[00m
-rw-r--r-- 1 root root 1070 Dec 22 05:37 /opt/neverware/browser_extensions/wizard/tests/Dockerfile
-rw-r--r-- 1 root root 99 Dec 22 05:37 /opt/neverware/browser_extensions/tests/Dockerfile


[00;33m### SCAN COMPLETE ####################################[00m
