
[00;31m#########################################################[00m
[00;31m#[00m [00;33mLocal Linux Enumeration & Privilege Escalation Script[00m [00;31m#[00m
[00;31m#########################################################[00m
[00;33m# www.rebootuser.com[00m
[00;33m# version 0.982[00m

[-] Debug Info
[00;33m[+] Thorough tests = Disabled[00m


[00;33mScan started at:
Sat 30 Jan 2021 03:27:41 PM EST
[00m

[00;33m### SYSTEM ##############################################[00m
[00;31m[-] Kernel information:[00m
Linux Delivery 4.19.0-13-amd64 #1 SMP Debian 4.19.160-2 (2020-11-28) x86_64 GNU/Linux


[00;31m[-] Kernel information (continued):[00m
Linux version 4.19.0-13-amd64 (debian-kernel@lists.debian.org) (gcc version 8.3.0 (Debian 8.3.0-6)) #1 SMP Debian 4.19.160-2 (2020-11-28)


[00;31m[-] Specific release information:[00m
PRETTY_NAME="Debian GNU/Linux 10 (buster)"
NAME="Debian GNU/Linux"
VERSION_ID="10"
VERSION="10 (buster)"
VERSION_CODENAME=buster
ID=debian
HOME_URL="https://www.debian.org/"
SUPPORT_URL="https://www.debian.org/support"
BUG_REPORT_URL="https://bugs.debian.org/"


[00;31m[-] Hostname:[00m
Delivery


[00;33m### USER/GROUP ##########################################[00m
[00;31m[-] Current user/group info:[00m
uid=1000(maildeliverer) gid=1000(maildeliverer) groups=1000(maildeliverer)


[00;31m[-] Users that have previously logged onto the system:[00m
Username         Port     From             Latest
root             tty1                      Tue Jan  5 06:41:03 -0500 2021
maildeliverer    pts/0    10.10.14.52      Sat Jan 30 15:22:18 -0500 2021


[00;31m[-] Who else is logged on:[00m
 15:27:41 up 49 min,  1 user,  load average: 0.03, 0.03, 0.00
USER     TTY      FROM             LOGIN@   IDLE   JCPU   PCPU WHAT
maildeli pts/0    10.10.14.52      15:22    5.00s  0.06s  0.00s /bin/bash ./linenum.sh


[00;31m[-] Group memberships:[00m
uid=0(root) gid=0(root) groups=0(root)
uid=1(daemon) gid=1(daemon) groups=1(daemon)
uid=2(bin) gid=2(bin) groups=2(bin)
uid=3(sys) gid=3(sys) groups=3(sys)
uid=4(sync) gid=65534(nogroup) groups=65534(nogroup)
uid=5(games) gid=60(games) groups=60(games)
uid=6(man) gid=12(man) groups=12(man)
uid=7(lp) gid=7(lp) groups=7(lp)
uid=8(mail) gid=8(mail) groups=8(mail)
uid=9(news) gid=9(news) groups=9(news)
uid=10(uucp) gid=10(uucp) groups=10(uucp)
uid=13(proxy) gid=13(proxy) groups=13(proxy)
uid=33(www-data) gid=33(www-data) groups=33(www-data)
uid=34(backup) gid=34(backup) groups=34(backup)
uid=38(list) gid=38(list) groups=38(list)
uid=39(irc) gid=39(irc) groups=39(irc)
uid=41(gnats) gid=41(gnats) groups=41(gnats)
uid=65534(nobody) gid=65534(nogroup) groups=65534(nogroup)
uid=100(_apt) gid=65534(nogroup) groups=65534(nogroup)
uid=101(systemd-timesync) gid=102(systemd-timesync) groups=102(systemd-timesync)
uid=102(systemd-network) gid=103(systemd-network) groups=103(systemd-network)
uid=103(systemd-resolve) gid=104(systemd-resolve) groups=104(systemd-resolve)
uid=104(messagebus) gid=110(messagebus) groups=110(messagebus)
uid=105(sshd) gid=65534(nogroup) groups=65534(nogroup)
uid=106(avahi) gid=115(avahi) groups=115(avahi)
uid=107(saned) gid=116(saned) groups=116(saned),114(scanner)
uid=108(colord) gid=117(colord) groups=117(colord)
uid=109(hplip) gid=7(lp) groups=7(lp)
uid=1000(maildeliverer) gid=1000(maildeliverer) groups=1000(maildeliverer)
uid=999(systemd-coredump) gid=999(systemd-coredump) groups=999(systemd-coredump)
uid=110(mysql) gid=118(mysql) groups=118(mysql)
uid=998(mattermost) gid=998(mattermost) groups=998(mattermost)


[00;31m[-] Contents of /etc/passwd:[00m
root:x:0:0:root:/root:/bin/bash
daemon:x:1:1:daemon:/usr/sbin:/usr/sbin/nologin
bin:x:2:2:bin:/bin:/usr/sbin/nologin
sys:x:3:3:sys:/dev:/usr/sbin/nologin
sync:x:4:65534:sync:/bin:/bin/sync
games:x:5:60:games:/usr/games:/usr/sbin/nologin
man:x:6:12:man:/var/cache/man:/usr/sbin/nologin
lp:x:7:7:lp:/var/spool/lpd:/usr/sbin/nologin
mail:x:8:8:mail:/var/mail:/usr/sbin/nologin
news:x:9:9:news:/var/spool/news:/usr/sbin/nologin
uucp:x:10:10:uucp:/var/spool/uucp:/usr/sbin/nologin
proxy:x:13:13:proxy:/bin:/usr/sbin/nologin
www-data:x:33:33:www-data:/var/www:/usr/sbin/nologin
backup:x:34:34:backup:/var/backups:/usr/sbin/nologin
list:x:38:38:Mailing List Manager:/var/list:/usr/sbin/nologin
irc:x:39:39:ircd:/var/run/ircd:/usr/sbin/nologin
gnats:x:41:41:Gnats Bug-Reporting System (admin):/var/lib/gnats:/usr/sbin/nologin
nobody:x:65534:65534:nobody:/nonexistent:/usr/sbin/nologin
_apt:x:100:65534::/nonexistent:/usr/sbin/nologin
systemd-timesync:x:101:102:systemd Time Synchronization,,,:/run/systemd:/usr/sbin/nologin
systemd-network:x:102:103:systemd Network Management,,,:/run/systemd:/usr/sbin/nologin
systemd-resolve:x:103:104:systemd Resolver,,,:/run/systemd:/usr/sbin/nologin
messagebus:x:104:110::/nonexistent:/usr/sbin/nologin
sshd:x:105:65534::/run/sshd:/usr/sbin/nologin
avahi:x:106:115:Avahi mDNS daemon,,,:/var/run/avahi-daemon:/usr/sbin/nologin
saned:x:107:116::/var/lib/saned:/usr/sbin/nologin
colord:x:108:117:colord colour management daemon,,,:/var/lib/colord:/usr/sbin/nologin
hplip:x:109:7:HPLIP system user,,,:/var/run/hplip:/bin/false
maildeliverer:x:1000:1000:MailDeliverer,,,:/home/maildeliverer:/bin/bash
systemd-coredump:x:999:999:systemd Core Dumper:/:/usr/sbin/nologin
mysql:x:110:118:MySQL Server,,,:/nonexistent:/bin/false
mattermost:x:998:998::/home/mattermost:/bin/sh


[00;31m[-] Super user account(s):[00m
root


[00;31m[-] Are permissions on /home directories lax:[00m
total 12K
drwxr-xr-x  3 root          root          4.0K Dec 26 09:01 .
drwxr-xr-x 18 root          root          4.0K Jan  5 06:06 ..
drwxr-xr-x  5 maildeliverer maildeliverer 4.0K Jan 30 15:25 maildeliverer


[00;33m### ENVIRONMENTAL #######################################[00m
[00;31m[-] Environment information:[00m
SHELL=/bin/bash
PWD=/tmp/valeera
LOGNAME=maildeliverer
XDG_SESSION_TYPE=tty
HOME=/home/maildeliverer
LANG=en_US.UTF-8
SSH_CONNECTION=10.10.14.52 39784 10.10.10.222 22
XDG_SESSION_CLASS=user
TERM=screen
USER=maildeliverer
SHLVL=1
XDG_SESSION_ID=52
XDG_RUNTIME_DIR=/run/user/1000
SSH_CLIENT=10.10.14.52 39784 22
PATH=/usr/local/bin:/usr/bin:/bin:/usr/local/games:/usr/games
DBUS_SESSION_BUS_ADDRESS=unix:path=/run/user/1000/bus
MAIL=/var/mail/maildeliverer
SSH_TTY=/dev/pts/0
OLDPWD=/tmp
_=/usr/bin/env


[00;31m[-] Path information:[00m
/usr/local/bin:/usr/bin:/bin:/usr/local/games:/usr/games
lrwxrwxrwx 1 root root     7 Dec 26 08:56 /bin -> usr/bin
drwxr-xr-x 2 root root 36864 Jan  5 06:05 /usr/bin
drwxr-xr-x 2 root root  4096 Jul 10  2020 /usr/games
drwxr-xr-x 2 root root  4096 Dec 26 08:56 /usr/local/bin
drwxr-xr-x 2 root root  4096 Dec 26 08:56 /usr/local/games


[00;31m[-] Available shells:[00m
# /etc/shells: valid login shells
/bin/sh
/bin/bash
/usr/bin/bash
/bin/rbash
/usr/bin/rbash
/bin/dash
/usr/bin/dash


[00;31m[-] Current umask value:[00m
0022
u=rwx,g=rx,o=rx


[00;31m[-] umask value as specified in /etc/login.defs:[00m
UMASK		022


[00;31m[-] Password and storage information:[00m
PASS_MAX_DAYS	99999
PASS_MIN_DAYS	0
PASS_WARN_AGE	7
ENCRYPT_METHOD SHA512


[00;33m### JOBS/TASKS ##########################################[00m
[00;31m[-] Cron jobs:[00m
-rw-r--r-- 1 root root 1071 Dec 26 11:25 /etc/crontab

/etc/cron.d:
total 16
drwxr-xr-x  2 root root 4096 Dec 26 09:05 .
drwxr-xr-x 91 root root 4096 Jan  5 06:34 ..
-rw-r--r--  1 root root  712 Dec 17  2018 php
-rw-r--r--  1 root root  102 Oct 11  2019 .placeholder

/etc/cron.daily:
total 36
drwxr-xr-x  2 root root 4096 Dec 26 08:59 .
drwxr-xr-x 91 root root 4096 Jan  5 06:34 ..
-rwxr-xr-x  1 root root 1478 May 12  2020 apt-compat
-rwxr-xr-x  1 root root  355 Dec 29  2017 bsdmainutils
-rwxr-xr-x  1 root root 1187 Apr 18  2019 dpkg
-rwxr-xr-x  1 root root  377 Aug 28  2018 logrotate
-rwxr-xr-x  1 root root 1123 Feb 10  2019 man-db
-rwxr-xr-x  1 root root  249 Sep 27  2017 passwd
-rw-r--r--  1 root root  102 Oct 11  2019 .placeholder

/etc/cron.hourly:
total 12
drwxr-xr-x  2 root root 4096 Dec 26 08:56 .
drwxr-xr-x 91 root root 4096 Jan  5 06:34 ..
-rw-r--r--  1 root root  102 Oct 11  2019 .placeholder

/etc/cron.monthly:
total 12
drwxr-xr-x  2 root root 4096 Dec 26 08:56 .
drwxr-xr-x 91 root root 4096 Jan  5 06:34 ..
-rw-r--r--  1 root root  102 Oct 11  2019 .placeholder

/etc/cron.weekly:
total 16
drwxr-xr-x  2 root root 4096 Dec 26 08:59 .
drwxr-xr-x 91 root root 4096 Jan  5 06:34 ..
-rwxr-xr-x  1 root root  813 Feb 10  2019 man-db
-rw-r--r--  1 root root  102 Oct 11  2019 .placeholder


[00;31m[-] Crontab contents:[00m
# /etc/crontab: system-wide crontab
# Unlike any other crontab you don't have to run the `crontab'
# command to install the new version when you edit this file
# and files in /etc/cron.d. These files also have username fields,
# that none of the other crontabs do.

SHELL=/bin/sh
PATH=/usr/local/sbin:/usr/local/bin:/sbin:/bin:/usr/sbin:/usr/bin

# Example of job definition:
# .---------------- minute (0 - 59)
# |  .------------- hour (0 - 23)
# |  |  .---------- day of month (1 - 31)
# |  |  |  .------- month (1 - 12) OR jan,feb,mar,apr ...
# |  |  |  |  .---- day of week (0 - 6) (Sunday=0 or 7) OR sun,mon,tue,wed,thu,fri,sat
# |  |  |  |  |
# *  *  *  *  * user-name command to be executed
17 *	* * *	root    cd / && run-parts --report /etc/cron.hourly
25 6	* * *	root	test -x /usr/sbin/anacron || ( cd / && run-parts --report /etc/cron.daily )
47 6	* * 7	root	test -x /usr/sbin/anacron || ( cd / && run-parts --report /etc/cron.weekly )
52 6	1 * *	root	test -x /usr/sbin/anacron || ( cd / && run-parts --report /etc/cron.monthly )
* * * * *	root	/root/mail.sh
#


[00;31m[-] Systemd timers:[00m
NEXT                         LEFT          LAST                         PASSED    UNIT                         ACTIVATES
Sat 2021-01-30 15:39:00 EST  11min left    Sat 2021-01-30 15:09:01 EST  18min ago phpsessionclean.timer        phpsessionclean.service
Sat 2021-01-30 19:12:18 EST  3h 44min left Sat 2021-01-30 14:38:23 EST  49min ago apt-daily.timer              apt-daily.service
Sun 2021-01-31 00:00:00 EST  8h left       Sat 2021-01-30 14:38:23 EST  49min ago logrotate.timer              logrotate.service
Sun 2021-01-31 00:00:00 EST  8h left       Sat 2021-01-30 14:38:23 EST  49min ago man-db.timer                 man-db.service
Sun 2021-01-31 06:45:53 EST  15h left      Sat 2021-01-30 14:38:23 EST  49min ago apt-daily-upgrade.timer      apt-daily-upgrade.service
Sun 2021-01-31 14:53:24 EST  23h left      Sat 2021-01-30 14:53:24 EST  34min ago systemd-tmpfiles-clean.timer systemd-tmpfiles-clean.service

6 timers listed.
[2mEnable thorough tests to see inactive timers[00m


[00;33m### NETWORKING  ##########################################[00m
[00;31m[-] Network and IP info:[00m
ens192: flags=4163<UP,BROADCAST,RUNNING,MULTICAST>  mtu 1500
        inet 10.10.10.222  netmask 255.255.255.0  broadcast 10.10.10.255
        inet6 fe80::250:56ff:feb9:2927  prefixlen 64  scopeid 0x20<link>
        inet6 dead:beef::250:56ff:feb9:2927  prefixlen 64  scopeid 0x0<global>
        ether 00:50:56:b9:29:27  txqueuelen 1000  (Ethernet)
        RX packets 530028  bytes 59374889 (56.6 MiB)
        RX errors 0  dropped 46  overruns 0  frame 0
        TX packets 516234  bytes 456574404 (435.4 MiB)
        TX errors 0  dropped 0 overruns 0  carrier 0  collisions 0

lo: flags=73<UP,LOOPBACK,RUNNING>  mtu 65536
        inet 127.0.0.1  netmask 255.0.0.0
        inet6 ::1  prefixlen 128  scopeid 0x10<host>
        loop  txqueuelen 1000  (Local Loopback)
        RX packets 9712  bytes 1697570 (1.6 MiB)
        RX errors 0  dropped 0  overruns 0  frame 0
        TX packets 9712  bytes 1697570 (1.6 MiB)
        TX errors 0  dropped 0 overruns 0  carrier 0  collisions 0


[00;31m[-] ARP history:[00m
10.10.10.2 dev ens192 lladdr 00:50:56:b9:30:b0 REACHABLE
fe80::250:56ff:feb9:30b0 dev ens192 lladdr 00:50:56:b9:30:b0 router STALE


[00;31m[-] Nameserver(s):[00m
nameserver 8.8.8.8


[00;31m[-] Default route:[00m
default via 10.10.10.2 dev ens192 onlink 


[00;31m[-] Listening TCP:[00m
Active Internet connections (only servers)
Proto Recv-Q Send-Q Local Address           Foreign Address         State       PID/Program name    
tcp        0      0 127.0.0.1:1025          0.0.0.0:*               LISTEN      -                   
tcp        0      0 127.0.0.1:3306          0.0.0.0:*               LISTEN      -                   
tcp        0      0 0.0.0.0:80              0.0.0.0:*               LISTEN      -                   
tcp        0      0 0.0.0.0:22              0.0.0.0:*               LISTEN      -                   
tcp        0      0 127.0.0.1:631           0.0.0.0:*               LISTEN      -                   
tcp6       0      0 :::8065                 :::*                    LISTEN      -                   
tcp6       0      0 :::80                   :::*                    LISTEN      -                   
tcp6       0      0 :::22                   :::*                    LISTEN      -                   
tcp6       0      0 ::1:631                 :::*                    LISTEN      -                   


[00;31m[-] Listening UDP:[00m
Active Internet connections (only servers)
Proto Recv-Q Send-Q Local Address           Foreign Address         State       PID/Program name    
udp        0      0 0.0.0.0:5353            0.0.0.0:*                           -                   
udp        0      0 0.0.0.0:43012           0.0.0.0:*                           -                   
udp        0      0 0.0.0.0:631             0.0.0.0:*                           -                   
udp6       0      0 :::5353                 :::*                                -                   
udp6       0      0 :::37388                :::*                                -                   


[00;33m### SERVICES #############################################[00m
[00;31m[-] Running processes:[00m
USER       PID %CPU %MEM    VSZ   RSS TTY      STAT START   TIME COMMAND
root         1  0.0  0.2 103952 10176 ?        Ss   14:38   0:01 /sbin/init
root         2  0.0  0.0      0     0 ?        S    14:38   0:00 [kthreadd]
root         3  0.0  0.0      0     0 ?        I<   14:38   0:00 [rcu_gp]
root         4  0.0  0.0      0     0 ?        I<   14:38   0:00 [rcu_par_gp]
root         6  0.0  0.0      0     0 ?        I<   14:38   0:00 [kworker/0:0H-kblockd]
root         8  0.0  0.0      0     0 ?        I<   14:38   0:00 [mm_percpu_wq]
root         9  0.0  0.0      0     0 ?        S    14:38   0:00 [ksoftirqd/0]
root        10  0.0  0.0      0     0 ?        I    14:38   0:01 [rcu_sched]
root        11  0.0  0.0      0     0 ?        I    14:38   0:00 [rcu_bh]
root        12  0.0  0.0      0     0 ?        S    14:38   0:00 [migration/0]
root        13  0.0  0.0      0     0 ?        I    14:38   0:00 [kworker/0:1-events]
root        14  0.0  0.0      0     0 ?        S    14:38   0:00 [cpuhp/0]
root        15  0.0  0.0      0     0 ?        S    14:38   0:00 [cpuhp/1]
root        16  0.0  0.0      0     0 ?        S    14:38   0:00 [migration/1]
root        17  0.0  0.0      0     0 ?        S    14:38   0:00 [ksoftirqd/1]
root        19  0.0  0.0      0     0 ?        I<   14:38   0:00 [kworker/1:0H-kblockd]
root        20  0.0  0.0      0     0 ?        S    14:38   0:00 [kdevtmpfs]
root        21  0.0  0.0      0     0 ?        I<   14:38   0:00 [netns]
root        22  0.0  0.0      0     0 ?        S    14:38   0:00 [kauditd]
root        23  0.0  0.0      0     0 ?        S    14:38   0:00 [khungtaskd]
root        24  0.0  0.0      0     0 ?        S    14:38   0:00 [oom_reaper]
root        25  0.0  0.0      0     0 ?        I<   14:38   0:00 [writeback]
root        26  0.0  0.0      0     0 ?        S    14:38   0:00 [kcompactd0]
root        27  0.0  0.0      0     0 ?        SN   14:38   0:00 [ksmd]
root        28  0.0  0.0      0     0 ?        SN   14:38   0:00 [khugepaged]
root        29  0.0  0.0      0     0 ?        I<   14:38   0:00 [crypto]
root        30  0.0  0.0      0     0 ?        I<   14:38   0:00 [kintegrityd]
root        31  0.0  0.0      0     0 ?        I<   14:38   0:00 [kblockd]
root        32  0.0  0.0      0     0 ?        I<   14:38   0:00 [edac-poller]
root        33  0.0  0.0      0     0 ?        I<   14:38   0:00 [devfreq_wq]
root        34  0.0  0.0      0     0 ?        S    14:38   0:00 [watchdogd]
root        35  0.0  0.0      0     0 ?        I    14:38   0:01 [kworker/1:1-events]
root        36  0.0  0.0      0     0 ?        S    14:38   0:00 [kswapd0]
root        54  0.0  0.0      0     0 ?        I<   14:38   0:00 [kthrotld]
root        55  0.0  0.0      0     0 ?        S    14:38   0:00 [irq/24-pciehp]
root        56  0.0  0.0      0     0 ?        S    14:38   0:00 [irq/25-pciehp]
root        57  0.0  0.0      0     0 ?        S    14:38   0:00 [irq/26-pciehp]
root        58  0.0  0.0      0     0 ?        S    14:38   0:00 [irq/27-pciehp]
root        59  0.0  0.0      0     0 ?        S    14:38   0:00 [irq/28-pciehp]
root        60  0.0  0.0      0     0 ?        S    14:38   0:00 [irq/29-pciehp]
root        61  0.0  0.0      0     0 ?        S    14:38   0:00 [irq/30-pciehp]
root        62  0.0  0.0      0     0 ?        S    14:38   0:00 [irq/31-pciehp]
root        63  0.0  0.0      0     0 ?        S    14:38   0:00 [irq/32-pciehp]
root        64  0.0  0.0      0     0 ?        S    14:38   0:00 [irq/33-pciehp]
root        65  0.0  0.0      0     0 ?        S    14:38   0:00 [irq/34-pciehp]
root        66  0.0  0.0      0     0 ?        S    14:38   0:00 [irq/35-pciehp]
root        67  0.0  0.0      0     0 ?        S    14:38   0:00 [irq/36-pciehp]
root        68  0.0  0.0      0     0 ?        S    14:38   0:00 [irq/37-pciehp]
root        69  0.0  0.0      0     0 ?        S    14:38   0:00 [irq/38-pciehp]
root        70  0.0  0.0      0     0 ?        S    14:38   0:00 [irq/39-pciehp]
root        71  0.0  0.0      0     0 ?        S    14:38   0:00 [irq/40-pciehp]
root        72  0.0  0.0      0     0 ?        S    14:38   0:00 [irq/41-pciehp]
root        73  0.0  0.0      0     0 ?        S    14:38   0:00 [irq/42-pciehp]
root        74  0.0  0.0      0     0 ?        S    14:38   0:00 [irq/43-pciehp]
root        75  0.0  0.0      0     0 ?        S    14:38   0:00 [irq/44-pciehp]
root        76  0.0  0.0      0     0 ?        S    14:38   0:00 [irq/45-pciehp]
root        77  0.0  0.0      0     0 ?        S    14:38   0:00 [irq/46-pciehp]
root        78  0.0  0.0      0     0 ?        S    14:38   0:00 [irq/47-pciehp]
root        79  0.0  0.0      0     0 ?        S    14:38   0:00 [irq/48-pciehp]
root        80  0.0  0.0      0     0 ?        S    14:38   0:00 [irq/49-pciehp]
root        81  0.0  0.0      0     0 ?        S    14:38   0:00 [irq/50-pciehp]
root        82  0.0  0.0      0     0 ?        S    14:38   0:00 [irq/51-pciehp]
root        83  0.0  0.0      0     0 ?        S    14:38   0:00 [irq/52-pciehp]
root        84  0.0  0.0      0     0 ?        S    14:38   0:00 [irq/53-pciehp]
root        85  0.0  0.0      0     0 ?        S    14:38   0:00 [irq/54-pciehp]
root        86  0.0  0.0      0     0 ?        S    14:38   0:00 [irq/55-pciehp]
root        87  0.0  0.0      0     0 ?        I<   14:38   0:00 [ipv6_addrconf]
root        88  0.0  0.0      0     0 ?        I    14:38   0:00 [kworker/u4:1-events_unbound]
root        97  0.0  0.0      0     0 ?        I<   14:38   0:00 [kstrp]
root       147  0.0  0.0      0     0 ?        S    14:38   0:00 [scsi_eh_0]
root       148  0.0  0.0      0     0 ?        I<   14:38   0:00 [ata_sff]
root       149  0.0  0.0      0     0 ?        I<   14:38   0:00 [scsi_tmf_0]
root       150  0.0  0.0      0     0 ?        I<   14:38   0:00 [vmw_pvscsi_wq_0]
root       151  0.0  0.0      0     0 ?        S    14:38   0:00 [scsi_eh_1]
root       152  0.0  0.0      0     0 ?        I<   14:38   0:00 [scsi_tmf_1]
root       153  0.0  0.0      0     0 ?        S    14:38   0:00 [scsi_eh_2]
root       154  0.0  0.0      0     0 ?        I<   14:38   0:00 [scsi_tmf_2]
root       205  0.0  0.0      0     0 ?        I<   14:38   0:00 [kworker/1:1H-kblockd]
root       223  0.0  0.0      0     0 ?        I<   14:38   0:00 [kworker/u5:0]
root       225  0.0  0.0      0     0 ?        I<   14:38   0:00 [kworker/0:1H-kblockd]
root       226  0.0  0.0      0     0 ?        S    14:38   0:00 [jbd2/sda1-8]
root       227  0.0  0.0      0     0 ?        I<   14:38   0:00 [ext4-rsv-conver]
root       258  0.0  0.2  26520  8432 ?        Ss   14:38   0:00 /lib/systemd/systemd-journald
root       282  0.0  0.1  22580  5208 ?        Ss   14:38   0:00 /lib/systemd/systemd-udevd
root       336  0.0  0.2  48228 10856 ?        Ss   14:38   0:00 /usr/bin/VGAuthService
root       337  0.0  0.2 122856 12108 ?        Ssl  14:38   0:02 /usr/bin/vmtoolsd
systemd+   338  0.0  0.1  95148  6560 ?        Ssl  14:38   0:00 /lib/systemd/systemd-timesyncd
root       342  0.0  0.0      0     0 ?        I<   14:38   0:00 [ttm_swap]
root       348  0.0  0.0      0     0 ?        S    14:38   0:00 [irq/16-vmwgfx]
root       436  0.0  0.1  19512  7400 ?        Ss   14:38   0:00 /lib/systemd/systemd-logind
root       437  0.0  0.1 225824  6312 ?        Ssl  14:38   0:00 /usr/sbin/rsyslogd -n -iNONE
root       439  0.0  0.0   8504  2892 ?        Ss   14:38   0:00 /usr/sbin/cron -f
root       441  0.0  0.8 266500 33516 ?        Ss   14:38   0:00 php-fpm: master process (/etc/php/7.3/fpm/php-fpm.conf)
message+   442  0.0  0.1   9204  4588 ?        Ss   14:38   0:00 /usr/bin/dbus-daemon --system --address=systemd: --nofork --nopidfile --systemd-activation --syslog-only
avahi      447  0.0  0.0   8288  3372 ?        Ss   14:38   0:00 avahi-daemon: running [Delivery-3.local]
root       463  0.0  0.0   5612  1704 tty1     Ss+  14:38   0:00 /sbin/agetty -o -p -- \u --noclear tty1 linux
root       495  0.0  0.1  15852  6976 ?        Ss   14:38   0:00 /usr/sbin/sshd -D
avahi      496  0.0  0.0   8156   324 ?        S    14:38   0:00 avahi-daemon: chroot helper
root       500  0.0  0.2 182936 10736 ?        Ssl  14:38   0:00 /usr/sbin/cups-browsed
www-data   553  0.1  1.2 272056 50004 ?        S    14:38   0:04 php-fpm: pool www
root       567  0.0  0.0  67848  1824 ?        Ss   14:38   0:00 nginx: master process /usr/sbin/nginx -g daemon on; master_process on;
www-data   568  0.0  0.1  68468  6672 ?        S    14:38   0:00 nginx: worker process
www-data   569  0.8  0.1  68732  7212 ?        S    14:38   0:24 nginx: worker process
mysql      643  0.1  2.6 1719320 108500 ?      Ssl  14:38   0:04 /usr/sbin/mysqld
root       652  0.0  0.2  29208  8096 ?        Ss   14:38   0:00 /usr/sbin/cupsd -l
matterm+   741  1.1  3.9 1650716 159032 ?      Ssl  14:38   0:34 /opt/mattermost/bin/mattermost
matterm+   902  0.0  0.5 1239060 21516 ?       Sl   14:38   0:00 plugins/com.mattermost.nps/server/dist/plugin-linux-amd64
matterm+   910  0.0  0.4 1161840 18052 ?       Sl   14:38   0:00 plugins/com.mattermost.plugin-channel-export/server/dist/plugin-linux-amd64
root       954  0.0  0.4  29532 18036 ?        S    14:39   0:00 python3 /root/py-smtp.py
www-data  1095  0.1  1.2 272220 50968 ?        S    14:49   0:02 php-fpm: pool www
www-data  1096  0.0  1.0 269916 41356 ?        S    14:49   0:02 php-fpm: pool www
root      1116  0.0  0.0      0     0 ?        I    14:53   0:00 [kworker/u4:0-events_unbound]
root      1277  0.0  0.0      0     0 ?        I    15:18   0:00 [kworker/0:0-cgroup_destroy]
maildel+  1278  0.0  0.2  21144  9272 ?        Ss   15:18   0:00 /lib/systemd/systemd --user
maildel+  1279  0.0  0.0 105200  2376 ?        S    15:18   0:00 (sd-pam)
root      1288  0.0  0.0      0     0 ?        I    15:18   0:00 [kworker/1:2-events]
root      1325  0.0  0.2  16896  8220 ?        Ss   15:22   0:00 sshd: maildeliverer [priv]
maildel+  1331  0.0  0.1  16896  4804 ?        S    15:22   0:00 sshd: maildeliverer@pts/0
maildel+  1332  0.0  0.1   8504  5332 pts/0    Ss   15:22   0:00 -bash
root      1378  0.0  0.0      0     0 ?        I    15:25   0:00 [kworker/u4:2-events_unbound]
maildel+  1394  0.0  0.0   7568  3996 pts/0    S+   15:27   0:00 /bin/bash ./linenum.sh
maildel+  1395  0.1  0.0   7568  3484 pts/0    S+   15:27   0:00 /bin/bash ./linenum.sh
maildel+  1396  0.0  0.0   5264   744 pts/0    S+   15:27   0:00 tee -a
root      1579  0.0  0.0  22580  2652 ?        S    15:27   0:00 /lib/systemd/systemd-udevd
maildel+  1586  0.0  0.0   7568  2812 pts/0    S+   15:27   0:00 /bin/bash ./linenum.sh
maildel+  1587  0.0  0.0  10632  3200 pts/0    R+   15:27   0:00 ps aux


[00;31m[-] Process binaries and associated permissions (from above list):[00m
1.2M -rwxr-xr-x 1 root       root       1.2M Apr 18  2019 /bin/bash
1.5M -rwxr-xr-x 1 root       root       1.5M Oct 24 14:44 /lib/systemd/systemd
144K -rwxr-xr-x 1 root       root       143K Oct 24 14:44 /lib/systemd/systemd-journald
228K -rwxr-xr-x 1 root       root       227K Oct 24 14:44 /lib/systemd/systemd-logind
 56K -rwxr-xr-x 1 root       root        55K Oct 24 14:44 /lib/systemd/systemd-timesyncd
664K -rwxr-xr-x 1 root       root       663K Oct 24 14:44 /lib/systemd/systemd-udevd
 85M -rwxrwxr-x 1 mattermost mattermost  85M Dec 18 08:53 /opt/mattermost/bin/mattermost
 64K -rwxr-xr-x 1 root       root        64K Jan 10  2019 /sbin/agetty
   0 lrwxrwxrwx 1 root       root         20 Oct 24 14:44 /sbin/init -> /lib/systemd/systemd
236K -rwxr-xr-x 1 root       root       236K Jul  5  2020 /usr/bin/dbus-daemon
132K -rwxr-xr-x 1 root       root       129K Oct  9  2019 /usr/bin/VGAuthService
 56K -rwxr-xr-x 1 root       root        56K Oct  9  2019 /usr/bin/vmtoolsd
 56K -rwxr-xr-x 1 root       root        55K Oct 11  2019 /usr/sbin/cron
184K -rwxr-xr-x 1 root       root       183K Apr 10  2019 /usr/sbin/cups-browsed
448K -rwxr-xr-x 1 root       root       447K Nov 28 06:09 /usr/sbin/cupsd
 20M -rwxr-xr-x 1 root       root        20M Nov 25 04:50 /usr/sbin/mysqld
688K -rwxr-xr-x 1 root       root       686K Feb 26  2019 /usr/sbin/rsyslogd
792K -rwxr-xr-x 1 root       root       789K Jan 31  2020 /usr/sbin/sshd


[00;31m[-] /etc/init.d/ binary permissions:[00m
total 124
drwxr-xr-x  2 root root 4096 Dec 27 14:38 .
drwxr-xr-x 91 root root 4096 Jan  5 06:34 ..
-rwxr-xr-x  1 root root 3740 Mar 30  2019 apparmor
-rwxr-xr-x  1 root root 2401 Apr 27  2018 avahi-daemon
-rwxr-xr-x  1 root root 1232 Aug 15  2019 console-setup.sh
-rwxr-xr-x  1 root root 3059 Oct 11  2019 cron
-rwxr-xr-x  1 root root 2804 Nov 28 06:09 cups
-rwxr-xr-x  1 root root 1961 Apr 10  2019 cups-browsed
-rwxr-xr-x  1 root root 2813 Jul  5  2020 dbus
-rwxr-xr-x  1 root root 3809 Jan 10  2019 hwclock.sh
-rwxr-xr-x  1 root root 1479 Oct  9  2016 keyboard-setup.sh
-rwxr-xr-x  1 root root 2044 Feb  9  2019 kmod
-rwxr-xr-x  1 root root 5930 Oct 12 14:21 mysql
-rwxr-xr-x  1 root root 4445 Aug 25  2018 networking
-rwxr-xr-x  1 root root 4579 Aug 24 06:18 nginx
-rwxr-xr-x  1 root root 1846 Oct  9  2019 open-vm-tools
-rwxr-xr-x  1 root root 4793 Jul  5  2020 php7.3-fpm
-rwxr-xr-x  1 root root  924 May 31  2018 procps
-rwxr-xr-x  1 root root 4417 Mar 15  2019 rsync
-rwxr-xr-x  1 root root 2864 Feb 26  2019 rsyslog
-rwxr-xr-x  1 root root 2224 Apr 15  2018 saned
-rwxr-xr-x  1 root root 3939 Jan 31  2020 ssh
-rwxr-xr-x  1 root root 1030 Feb  2  2020 sudo
-rwxr-xr-x  1 root root 6872 Apr 27  2020 udev
-rwxr-xr-x  1 root root 2757 Nov 23  2016 x11-common


[00;31m[-] /etc/init/ config file permissions:[00m
total 12
drwxr-xr-x  2 root root 4096 Dec 26 09:06 .
drwxr-xr-x 91 root root 4096 Jan  5 06:34 ..
-rw-r--r--  1 root root  448 Jul  5  2020 php7.3-fpm.conf


[00;31m[-] /lib/systemd/* config file permissions:[00m
/lib/systemd/:
total 8.1M
drwxr-xr-x 20 root root  36K Dec 27 14:38 system
drwxr-xr-x  4 root root 4.0K Dec 26 09:19 user
drwxr-xr-x  2 root root 4.0K Dec 26 09:19 user-environment-generators
drwxr-xr-x  2 root root 4.0K Dec 26 08:58 system-sleep
drwxr-xr-x  2 root root 4.0K Dec 26 08:57 network
drwxr-xr-x  2 root root 4.0K Dec 26 08:57 catalog
drwxr-xr-x  2 root root 4.0K Dec 26 08:57 user-preset
drwxr-xr-x  2 root root 4.0K Dec 26 08:57 system-generators
drwxr-xr-x  2 root root 4.0K Dec 26 08:57 system-preset
drwxr-xr-x  3 root root 4.0K Dec 26 08:56 boot
-rw-r--r--  1 root root 2.6M Oct 24 14:44 libsystemd-shared-241.so
-rwxr-xr-x  1 root root 1.5M Oct 24 14:44 systemd
-rwxr-xr-x  1 root root  15K Oct 24 14:44 systemd-ac-power
-rwxr-xr-x  1 root root  22K Oct 24 14:44 systemd-backlight
-rwxr-xr-x  1 root root  15K Oct 24 14:44 systemd-binfmt
-rwxr-xr-x  1 root root  27K Oct 24 14:44 systemd-bless-boot
-rwxr-xr-x  1 root root  15K Oct 24 14:44 systemd-boot-check-no-failures
-rwxr-xr-x  1 root root  14K Oct 24 14:44 systemd-cgroups-agent
-rwxr-xr-x  1 root root  31K Oct 24 14:44 systemd-cryptsetup
-rwxr-xr-x  1 root root  19K Oct 24 14:44 systemd-dissect
-rwxr-xr-x  1 root root  26K Oct 24 14:44 systemd-fsck
-rwxr-xr-x  1 root root  27K Oct 24 14:44 systemd-fsckd
-rwxr-xr-x  1 root root  19K Oct 24 14:44 systemd-growfs
-rwxr-xr-x  1 root root  14K Oct 24 14:44 systemd-hibernate-resume
-rwxr-xr-x  1 root root  31K Oct 24 14:44 systemd-hostnamed
-rwxr-xr-x  1 root root  19K Oct 24 14:44 systemd-initctl
-rwxr-xr-x  1 root root 143K Oct 24 14:44 systemd-journald
-rwxr-xr-x  1 root root  39K Oct 24 14:44 systemd-localed
-rwxr-xr-x  1 root root 227K Oct 24 14:44 systemd-logind
-rwxr-xr-x  1 root root  14K Oct 24 14:44 systemd-makefs
-rwxr-xr-x  1 root root  19K Oct 24 14:44 systemd-modules-load
-rwxr-xr-x  1 root root 1.8M Oct 24 14:44 systemd-networkd
-rwxr-xr-x  1 root root  27K Oct 24 14:44 systemd-networkd-wait-online
-rwxr-xr-x  1 root root  15K Oct 24 14:44 systemd-quotacheck
-rwxr-xr-x  1 root root  14K Oct 24 14:44 systemd-random-seed
-rwxr-xr-x  1 root root  19K Oct 24 14:44 systemd-remount-fs
-rwxr-xr-x  1 root root  14K Oct 24 14:44 systemd-reply-password
-rwxr-xr-x  1 root root 399K Oct 24 14:44 systemd-resolved
-rwxr-xr-x  1 root root  23K Oct 24 14:44 systemd-rfkill
-rwxr-xr-x  1 root root  51K Oct 24 14:44 systemd-shutdown
-rwxr-xr-x  1 root root  27K Oct 24 14:44 systemd-sleep
-rwxr-xr-x  1 root root  31K Oct 24 14:44 systemd-socket-proxyd
-rwxr-xr-x  1 root root  14K Oct 24 14:44 systemd-sulogin-shell
-rwxr-xr-x  1 root root  23K Oct 24 14:44 systemd-sysctl
-rwxr-xr-x  1 root root 1.4K Oct 24 14:44 systemd-sysv-install
-rwxr-xr-x  1 root root  39K Oct 24 14:44 systemd-timedated
-rwxr-xr-x  1 root root  55K Oct 24 14:44 systemd-timesyncd
-rwxr-xr-x  1 root root  14K Oct 24 14:44 systemd-time-wait-sync
-rwxr-xr-x  1 root root 663K Oct 24 14:44 systemd-udevd
-rwxr-xr-x  1 root root  15K Oct 24 14:44 systemd-update-utmp
-rwxr-xr-x  1 root root  18K Oct 24 14:44 systemd-user-runtime-dir
-rwxr-xr-x  1 root root  14K Oct 24 14:44 systemd-user-sessions
-rwxr-xr-x  1 root root  15K Oct 24 14:44 systemd-veritysetup
-rwxr-xr-x  1 root root  14K Oct 24 14:44 systemd-volatile-root
drwxr-xr-x  2 root root 4.0K Apr 27  2020 system-shutdown
drwxr-xr-x  2 root root 4.0K Apr 27  2020 user-generators
-rw-r--r--  1 root root  692 Feb 14  2019 resolv.conf

/lib/systemd/system:
total 836K
-rw-r--r-- 1 root root  329 Dec 26 10:11 mattermost.service
drwxr-xr-x 2 root root 4.0K Dec 26 09:06 mariadb@bootstrap.service.d
drwxr-xr-x 2 root root 4.0K Dec 26 08:58 multi-user.target.wants
drwxr-xr-x 2 root root 4.0K Dec 26 08:58 sockets.target.wants
drwxr-xr-x 2 root root 4.0K Dec 26 08:57 sysinit.target.wants
drwxr-xr-x 2 root root 4.0K Dec 26 08:57 getty.target.wants
drwxr-xr-x 2 root root 4.0K Dec 26 08:57 graphical.target.wants
drwxr-xr-x 2 root root 4.0K Dec 26 08:57 local-fs.target.wants
drwxr-xr-x 2 root root 4.0K Dec 26 08:57 rescue.target.wants
drwxr-xr-x 2 root root 4.0K Dec 26 08:57 timers.target.wants
drwxr-xr-x 2 root root 4.0K Dec 26 08:57 systemd-resolved.service.d
drwxr-xr-x 2 root root 4.0K Dec 26 08:57 systemd-timesyncd.service.d
drwxr-xr-x 2 root root 4.0K Dec 26 08:57 user-.slice.d
drwxr-xr-x 2 root root 4.0K Dec 26 08:57 rc-local.service.d
-rw-r--r-- 1 root root  326 Dec  7 06:31 apt-daily.service
-rw-r--r-- 1 root root  156 Dec  7 06:31 apt-daily.timer
-rw-r--r-- 1 root root  389 Dec  7 06:31 apt-daily-upgrade.service
-rw-r--r-- 1 root root  184 Dec  7 06:31 apt-daily-upgrade.timer
-rw-r--r-- 1 root root  142 Nov 28 06:09 cups.path
-rw-r--r-- 1 root root  194 Nov 28 06:09 cups.service
-rw-r--r-- 1 root root  132 Nov 28 06:09 cups.socket
-rw-r--r-- 1 root root 5.4K Nov 25 04:50 mariadb.service
-rw-r--r-- 1 root root 6.4K Nov 25 04:50 mariadb@.service
lrwxrwxrwx 1 root root   14 Oct 24 14:44 autovt@.service -> getty@.service
lrwxrwxrwx 1 root root    9 Oct 24 14:44 bootlogd.service -> /dev/null
lrwxrwxrwx 1 root root    9 Oct 24 14:44 bootlogs.service -> /dev/null
lrwxrwxrwx 1 root root    9 Oct 24 14:44 bootmisc.service -> /dev/null
lrwxrwxrwx 1 root root    9 Oct 24 14:44 checkfs.service -> /dev/null
lrwxrwxrwx 1 root root    9 Oct 24 14:44 checkroot-bootclean.service -> /dev/null
lrwxrwxrwx 1 root root    9 Oct 24 14:44 checkroot.service -> /dev/null
-rw-r--r-- 1 root root 1.1K Oct 24 14:44 console-getty.service
-rw-r--r-- 1 root root 1.3K Oct 24 14:44 container-getty@.service
lrwxrwxrwx 1 root root    9 Oct 24 14:44 cryptdisks-early.service -> /dev/null
lrwxrwxrwx 1 root root    9 Oct 24 14:44 cryptdisks.service -> /dev/null
lrwxrwxrwx 1 root root   13 Oct 24 14:44 ctrl-alt-del.target -> reboot.target
lrwxrwxrwx 1 root root   25 Oct 24 14:44 dbus-org.freedesktop.hostname1.service -> systemd-hostnamed.service
lrwxrwxrwx 1 root root   23 Oct 24 14:44 dbus-org.freedesktop.locale1.service -> systemd-localed.service
lrwxrwxrwx 1 root root   22 Oct 24 14:44 dbus-org.freedesktop.login1.service -> systemd-logind.service
lrwxrwxrwx 1 root root   25 Oct 24 14:44 dbus-org.freedesktop.timedate1.service -> systemd-timedated.service
-rw-r--r-- 1 root root 1.1K Oct 24 14:44 debug-shell.service
lrwxrwxrwx 1 root root   16 Oct 24 14:44 default.target -> graphical.target
-rw-r--r-- 1 root root  797 Oct 24 14:44 emergency.service
-rw-r--r-- 1 root root 2.0K Oct 24 14:44 getty@.service
-rw-r--r-- 1 root root  342 Oct 24 14:44 getty-static.service
lrwxrwxrwx 1 root root    9 Oct 24 14:44 halt.service -> /dev/null
lrwxrwxrwx 1 root root    9 Oct 24 14:44 hostname.service -> /dev/null
lrwxrwxrwx 1 root root    9 Oct 24 14:44 hwclock.service -> /dev/null
-rw-r--r-- 1 root root  670 Oct 24 14:44 initrd-cleanup.service
-rw-r--r-- 1 root root  830 Oct 24 14:44 initrd-parse-etc.service
-rw-r--r-- 1 root root  589 Oct 24 14:44 initrd-switch-root.service
-rw-r--r-- 1 root root  704 Oct 24 14:44 initrd-udevadm-cleanup-db.service
lrwxrwxrwx 1 root root    9 Oct 24 14:44 killprocs.service -> /dev/null
lrwxrwxrwx 1 root root   28 Oct 24 14:44 kmod.service -> systemd-modules-load.service
-rw-r--r-- 1 root root  717 Oct 24 14:44 kmod-static-nodes.service
lrwxrwxrwx 1 root root   28 Oct 24 14:44 module-init-tools.service -> systemd-modules-load.service
lrwxrwxrwx 1 root root    9 Oct 24 14:44 motd.service -> /dev/null
lrwxrwxrwx 1 root root    9 Oct 24 14:44 mountall-bootclean.service -> /dev/null
lrwxrwxrwx 1 root root    9 Oct 24 14:44 mountall.service -> /dev/null
lrwxrwxrwx 1 root root    9 Oct 24 14:44 mountdevsubfs.service -> /dev/null
lrwxrwxrwx 1 root root    9 Oct 24 14:44 mountkernfs.service -> /dev/null
lrwxrwxrwx 1 root root    9 Oct 24 14:44 mountnfs-bootclean.service -> /dev/null
lrwxrwxrwx 1 root root    9 Oct 24 14:44 mountnfs.service -> /dev/null
lrwxrwxrwx 1 root root   22 Oct 24 14:44 procps.service -> systemd-sysctl.service
-rw-r--r-- 1 root root  609 Oct 24 14:44 quotaon.service
-rw-r--r-- 1 root root  716 Oct 24 14:44 rc-local.service
lrwxrwxrwx 1 root root   16 Oct 24 14:44 rc.local.service -> rc-local.service
lrwxrwxrwx 1 root root    9 Oct 24 14:44 rc.service -> /dev/null
lrwxrwxrwx 1 root root    9 Oct 24 14:44 rcS.service -> /dev/null
lrwxrwxrwx 1 root root    9 Oct 24 14:44 reboot.service -> /dev/null
-rw-r--r-- 1 root root  788 Oct 24 14:44 rescue.service
lrwxrwxrwx 1 root root    9 Oct 24 14:44 rmnologin.service -> /dev/null
lrwxrwxrwx 1 root root   15 Oct 24 14:44 runlevel0.target -> poweroff.target
lrwxrwxrwx 1 root root   13 Oct 24 14:44 runlevel1.target -> rescue.target
lrwxrwxrwx 1 root root   17 Oct 24 14:44 runlevel2.target -> multi-user.target
lrwxrwxrwx 1 root root   17 Oct 24 14:44 runlevel3.target -> multi-user.target
lrwxrwxrwx 1 root root   17 Oct 24 14:44 runlevel4.target -> multi-user.target
lrwxrwxrwx 1 root root   16 Oct 24 14:44 runlevel5.target -> graphical.target
lrwxrwxrwx 1 root root   13 Oct 24 14:44 runlevel6.target -> reboot.target
lrwxrwxrwx 1 root root    9 Oct 24 14:44 sendsigs.service -> /dev/null
-rw-r--r-- 1 root root 1.5K Oct 24 14:44 serial-getty@.service
lrwxrwxrwx 1 root root    9 Oct 24 14:44 single.service -> /dev/null
lrwxrwxrwx 1 root root    9 Oct 24 14:44 stop-bootlogd.service -> /dev/null
lrwxrwxrwx 1 root root    9 Oct 24 14:44 stop-bootlogd-single.service -> /dev/null
-rw-r--r-- 1 root root  742 Oct 24 14:44 systemd-ask-password-console.service
-rw-r--r-- 1 root root  752 Oct 24 14:44 systemd-ask-password-wall.service
-rw-r--r-- 1 root root  752 Oct 24 14:44 systemd-backlight@.service
-rw-r--r-- 1 root root 1.1K Oct 24 14:44 systemd-binfmt.service
-rw-r--r-- 1 root root  678 Oct 24 14:44 systemd-bless-boot.service
-rw-r--r-- 1 root root  718 Oct 24 14:44 systemd-boot-check-no-failures.service
-rw-r--r-- 1 root root  551 Oct 24 14:44 systemd-fsckd.service
-rw-r--r-- 1 root root  540 Oct 24 14:44 systemd-fsckd.socket
-rw-r--r-- 1 root root  740 Oct 24 14:44 systemd-fsck-root.service
-rw-r--r-- 1 root root  741 Oct 24 14:44 systemd-fsck@.service
-rw-r--r-- 1 root root  584 Oct 24 14:44 systemd-halt.service
-rw-r--r-- 1 root root  671 Oct 24 14:44 systemd-hibernate-resume@.service
-rw-r--r-- 1 root root  541 Oct 24 14:44 systemd-hibernate.service
-rw-r--r-- 1 root root 1.1K Oct 24 14:44 systemd-hostnamed.service
-rw-r--r-- 1 root root  818 Oct 24 14:44 systemd-hwdb-update.service
-rw-r--r-- 1 root root  559 Oct 24 14:44 systemd-hybrid-sleep.service
-rw-r--r-- 1 root root  566 Oct 24 14:44 systemd-initctl.service
-rw-r--r-- 1 root root 1.5K Oct 24 14:44 systemd-journald.service
-rw-r--r-- 1 root root  735 Oct 24 14:44 systemd-journal-flush.service
-rw-r--r-- 1 root root  597 Oct 24 14:44 systemd-kexec.service
-rw-r--r-- 1 root root 1.1K Oct 24 14:44 systemd-localed.service
-rw-r--r-- 1 root root 1.5K Oct 24 14:44 systemd-logind.service
-rw-r--r-- 1 root root  733 Oct 24 14:44 systemd-machine-id-commit.service
-rw-r--r-- 1 root root 1007 Oct 24 14:44 systemd-modules-load.service
-rw-r--r-- 1 root root 1.9K Oct 24 14:44 systemd-networkd.service
-rw-r--r-- 1 root root  740 Oct 24 14:44 systemd-networkd-wait-online.service
-rw-r--r-- 1 root root  655 Oct 24 14:44 systemd-quotacheck.service
-rw-r--r-- 1 root root  792 Oct 24 14:44 systemd-random-seed.service
-rw-r--r-- 1 root root  798 Oct 24 14:44 systemd-remount-fs.service
-rw-r--r-- 1 root root 1.7K Oct 24 14:44 systemd-resolved.service
-rw-r--r-- 1 root root  744 Oct 24 14:44 systemd-rfkill.service
-rw-r--r-- 1 root root  537 Oct 24 14:44 systemd-suspend.service
-rw-r--r-- 1 root root  596 Oct 24 14:44 systemd-suspend-then-hibernate.service
-rw-r--r-- 1 root root  693 Oct 24 14:44 systemd-sysctl.service
-rw-r--r-- 1 root root  700 Oct 24 14:44 systemd-sysusers.service
-rw-r--r-- 1 root root 1.1K Oct 24 14:44 systemd-timedated.service
-rw-r--r-- 1 root root 1.4K Oct 24 14:44 systemd-timesyncd.service
-rw-r--r-- 1 root root 1.2K Oct 24 14:44 systemd-time-wait-sync.service
-rw-r--r-- 1 root root  659 Oct 24 14:44 systemd-tmpfiles-clean.service
-rw-r--r-- 1 root root  732 Oct 24 14:44 systemd-tmpfiles-setup-dev.service
-rw-r--r-- 1 root root  772 Oct 24 14:44 systemd-tmpfiles-setup.service
-rw-r--r-- 1 root root  986 Oct 24 14:44 systemd-udevd.service
-rw-r--r-- 1 root root  863 Oct 24 14:44 systemd-udev-settle.service
-rw-r--r-- 1 root root  763 Oct 24 14:44 systemd-udev-trigger.service
-rw-r--r-- 1 root root  797 Oct 24 14:44 systemd-update-utmp-runlevel.service
-rw-r--r-- 1 root root  794 Oct 24 14:44 systemd-update-utmp.service
-rw-r--r-- 1 root root  628 Oct 24 14:44 systemd-user-sessions.service
-rw-r--r-- 1 root root  690 Oct 24 14:44 systemd-volatile-root.service
lrwxrwxrwx 1 root root   21 Oct 24 14:44 udev.service -> systemd-udevd.service
lrwxrwxrwx 1 root root    9 Oct 24 14:44 umountfs.service -> /dev/null
lrwxrwxrwx 1 root root    9 Oct 24 14:44 umountnfs.service -> /dev/null
lrwxrwxrwx 1 root root    9 Oct 24 14:44 umountroot.service -> /dev/null
lrwxrwxrwx 1 root root   27 Oct 24 14:44 urandom.service -> systemd-random-seed.service
-rw-r--r-- 1 root root  688 Oct 24 14:44 user-runtime-dir@.service
-rw-r--r-- 1 root root  729 Oct 24 14:44 user@.service
lrwxrwxrwx 1 root root    9 Oct 24 14:44 x11-common.service -> /dev/null
-rw-r--r-- 1 root root 1.1K Aug 24 06:18 nginx.service
-rw-r--r-- 1 root root  380 Jul  5  2020 dbus.service
-rw-r--r-- 1 root root  106 Jul  5  2020 dbus.socket
-rw-r--r-- 1 root root  326 Jul  5  2020 php7.3-fpm.service
drwxr-xr-x 2 root root 4.0K Apr 27  2020 runlevel1.target.wants
drwxr-xr-x 2 root root 4.0K Apr 27  2020 runlevel2.target.wants
drwxr-xr-x 2 root root 4.0K Apr 27  2020 runlevel3.target.wants
drwxr-xr-x 2 root root 4.0K Apr 27  2020 runlevel4.target.wants
drwxr-xr-x 2 root root 4.0K Apr 27  2020 runlevel5.target.wants
lrwxrwxrwx 1 root root    9 Feb  2  2020 sudo.service -> /dev/null
-rw-r--r-- 1 root root  184 Jan 31  2020 rescue-ssh.target
-rw-r--r-- 1 root root  538 Jan 31  2020 ssh.service
-rw-r--r-- 1 root root  289 Jan 31  2020 ssh@.service
-rw-r--r-- 1 root root  216 Jan 31  2020 ssh.socket
-rw-r--r-- 1 root root  316 Oct 11  2019 cron.service
-rw-r--r-- 1 root root  466 Oct  9  2019 open-vm-tools.service
-rw-r--r-- 1 root root  385 Oct  9  2019 vgauth.service
-rw-r--r-- 1 root root 1.2K Mar 30  2019 apparmor.service
lrwxrwxrwx 1 root root    9 Mar 23  2019 saned.service -> /dev/null
-rw-r--r-- 1 root root  255 Mar 15  2019 rsync.service
-rw-r--r-- 1 root root  435 Feb 26  2019 rsyslog.service
-rw-r--r-- 1 root root  919 Feb 14  2019 basic.target
-rw-r--r-- 1 root root  419 Feb 14  2019 bluetooth.target
-rw-r--r-- 1 root root  455 Feb 14  2019 boot-complete.target
-rw-r--r-- 1 root root  465 Feb 14  2019 cryptsetup-pre.target
-rw-r--r-- 1 root root  412 Feb 14  2019 cryptsetup.target
-rw-r--r-- 1 root root  750 Feb 14  2019 dev-hugepages.mount
-rw-r--r-- 1 root root  665 Feb 14  2019 dev-mqueue.mount
-rw-r--r-- 1 root root  471 Feb 14  2019 emergency.target
-rw-r--r-- 1 root root  541 Feb 14  2019 exit.target
-rw-r--r-- 1 root root  480 Feb 14  2019 final.target
-rw-r--r-- 1 root root  506 Feb 14  2019 getty-pre.target
-rw-r--r-- 1 root root  500 Feb 14  2019 getty.target
-rw-r--r-- 1 root root  598 Feb 14  2019 graphical.target
-rw-r--r-- 1 root root  527 Feb 14  2019 halt.target
-rw-r--r-- 1 root root  509 Feb 14  2019 hibernate.target
-rw-r--r-- 1 root root  530 Feb 14  2019 hybrid-sleep.target
-rw-r--r-- 1 root root  593 Feb 14  2019 initrd-fs.target
-rw-r--r-- 1 root root  561 Feb 14  2019 initrd-root-device.target
-rw-r--r-- 1 root root  566 Feb 14  2019 initrd-root-fs.target
-rw-r--r-- 1 root root  777 Feb 14  2019 initrd-switch-root.target
-rw-r--r-- 1 root root  763 Feb 14  2019 initrd.target
-rw-r--r-- 1 root root  541 Feb 14  2019 kexec.target
-rw-r--r-- 1 root root  435 Feb 14  2019 local-fs-pre.target
-rw-r--r-- 1 root root  547 Feb 14  2019 local-fs.target
-rw-r--r-- 1 root root  445 Feb 14  2019 machine.slice
-rw-r--r-- 1 root root  532 Feb 14  2019 multi-user.target
-rw-r--r-- 1 root root  505 Feb 14  2019 network-online.target
-rw-r--r-- 1 root root  502 Feb 14  2019 network-pre.target
-rw-r--r-- 1 root root  521 Feb 14  2019 network.target
-rw-r--r-- 1 root root  554 Feb 14  2019 nss-lookup.target
-rw-r--r-- 1 root root  513 Feb 14  2019 nss-user-lookup.target
-rw-r--r-- 1 root root  394 Feb 14  2019 paths.target
-rw-r--r-- 1 root root  592 Feb 14  2019 poweroff.target
-rw-r--r-- 1 root root  417 Feb 14  2019 printer.target
-rw-r--r-- 1 root root  745 Feb 14  2019 proc-sys-fs-binfmt_misc.automount
-rw-r--r-- 1 root root  655 Feb 14  2019 proc-sys-fs-binfmt_misc.mount
-rw-r--r-- 1 root root  583 Feb 14  2019 reboot.target
-rw-r--r-- 1 root root  549 Feb 14  2019 remote-cryptsetup.target
-rw-r--r-- 1 root root  436 Feb 14  2019 remote-fs-pre.target
-rw-r--r-- 1 root root  522 Feb 14  2019 remote-fs.target
-rw-r--r-- 1 root root  492 Feb 14  2019 rescue.target
-rw-r--r-- 1 root root  540 Feb 14  2019 rpcbind.target
-rw-r--r-- 1 root root  442 Feb 14  2019 shutdown.target
-rw-r--r-- 1 root root  402 Feb 14  2019 sigpwr.target
-rw-r--r-- 1 root root  460 Feb 14  2019 sleep.target
-rw-r--r-- 1 root root  449 Feb 14  2019 slices.target
-rw-r--r-- 1 root root  420 Feb 14  2019 smartcard.target
-rw-r--r-- 1 root root  396 Feb 14  2019 sockets.target
-rw-r--r-- 1 root root  420 Feb 14  2019 sound.target
-rw-r--r-- 1 root root  503 Feb 14  2019 suspend.target
-rw-r--r-- 1 root root  577 Feb 14  2019 suspend-then-hibernate.target
-rw-r--r-- 1 root root  393 Feb 14  2019 swap.target
-rw-r--r-- 1 root root  795 Feb 14  2019 sys-fs-fuse-connections.mount
-rw-r--r-- 1 root root  558 Feb 14  2019 sysinit.target
-rw-r--r-- 1 root root  767 Feb 14  2019 sys-kernel-config.mount
-rw-r--r-- 1 root root  710 Feb 14  2019 sys-kernel-debug.mount
-rw-r--r-- 1 root root 1.4K Feb 14  2019 syslog.socket
-rw-r--r-- 1 root root  722 Feb 14  2019 systemd-ask-password-console.path
-rw-r--r-- 1 root root  650 Feb 14  2019 systemd-ask-password-wall.path
-rw-r--r-- 1 root root  556 Feb 14  2019 systemd-exit.service
-rw-r--r-- 1 root root  546 Feb 14  2019 systemd-initctl.socket
-rw-r--r-- 1 root root  647 Feb 14  2019 systemd-journald-audit.socket
-rw-r--r-- 1 root root 1.2K Feb 14  2019 systemd-journald-dev-log.socket
-rw-r--r-- 1 root root  882 Feb 14  2019 systemd-journald.socket
-rw-r--r-- 1 root root  631 Feb 14  2019 systemd-networkd.socket
-rw-r--r-- 1 root root  556 Feb 14  2019 systemd-poweroff.service
-rw-r--r-- 1 root root  551 Feb 14  2019 systemd-reboot.service
-rw-r--r-- 1 root root  726 Feb 14  2019 systemd-rfkill.socket
-rw-r--r-- 1 root root  490 Feb 14  2019 systemd-tmpfiles-clean.timer
-rw-r--r-- 1 root root  635 Feb 14  2019 systemd-udevd-control.socket
-rw-r--r-- 1 root root  610 Feb 14  2019 systemd-udevd-kernel.socket
-rw-r--r-- 1 root root 1.4K Feb 14  2019 system-update-cleanup.service
-rw-r--r-- 1 root root  543 Feb 14  2019 system-update-pre.target
-rw-r--r-- 1 root root  617 Feb 14  2019 system-update.target
-rw-r--r-- 1 root root  445 Feb 14  2019 timers.target
-rw-r--r-- 1 root root  435 Feb 14  2019 time-sync.target
-rw-r--r-- 1 root root  457 Feb 14  2019 umount.target
-rw-r--r-- 1 root root  432 Feb 14  2019 user.slice
-rw-r--r-- 1 root root  482 Feb 10  2019 man-db.service
-rw-r--r-- 1 root root  164 Feb 10  2019 man-db.timer
-rw-r--r-- 1 root root  298 Jan 21  2019 colord.service
-rw-r--r-- 1 root root  175 Jan 15  2019 polkit.service
-rw-r--r-- 1 root root  151 Jan 10  2019 fstrim.service
-rw-r--r-- 1 root root  170 Jan 10  2019 fstrim.timer
-rw-r--r-- 1 root root  234 Dec 17  2018 cups-browsed.service
-rw-r--r-- 1 root root  155 Dec 17  2018 phpsessionclean.service
-rw-r--r-- 1 root root  144 Dec 17  2018 phpsessionclean.timer
-rw-r--r-- 1 root root 1.1K Oct 10  2018 avahi-daemon.service
-rw-r--r-- 1 root root  870 Oct 10  2018 avahi-daemon.socket
-rw-r--r-- 1 root root  695 Aug 28  2018 logrotate.service
-rw-r--r-- 1 root root  442 Aug 25  2018 ifupdown-pre.service
-rw-r--r-- 1 root root  279 Aug 25  2018 ifupdown-wait-online.service
-rw-r--r-- 1 root root  552 Aug 25  2018 ifup@.service
-rw-r--r-- 1 root root  643 Aug 25  2018 networking.service
-rw-r--r-- 1 root root  309 Aug 15  2018 saned@.service
-rw-r--r-- 1 root root  133 Aug 15  2018 saned.socket
-rw-r--r-- 1 root root  222 Feb 23  2018 usb_modeswitch@.service
-rw-r--r-- 1 root root  192 Jan  4  2018 logrotate.timer
-rw-r--r-- 1 root root  312 Oct  9  2016 console-setup.service
-rw-r--r-- 1 root root  287 Oct  9  2016 keyboard-setup.service

/lib/systemd/system/mariadb@bootstrap.service.d:
total 4.0K
-rw-r--r-- 1 root root 676 Nov 10 04:32 use_galera_new_cluster.conf

/lib/systemd/system/multi-user.target.wants:
total 0
lrwxrwxrwx 1 root root 15 Oct 24 14:44 getty.target -> ../getty.target
lrwxrwxrwx 1 root root 33 Oct 24 14:44 systemd-ask-password-wall.path -> ../systemd-ask-password-wall.path
lrwxrwxrwx 1 root root 25 Oct 24 14:44 systemd-logind.service -> ../systemd-logind.service
lrwxrwxrwx 1 root root 39 Oct 24 14:44 systemd-update-utmp-runlevel.service -> ../systemd-update-utmp-runlevel.service
lrwxrwxrwx 1 root root 32 Oct 24 14:44 systemd-user-sessions.service -> ../systemd-user-sessions.service
lrwxrwxrwx 1 root root 15 Jul  5  2020 dbus.service -> ../dbus.service

/lib/systemd/system/sockets.target.wants:
total 0
lrwxrwxrwx 1 root root 25 Oct 24 14:44 systemd-initctl.socket -> ../systemd-initctl.socket
lrwxrwxrwx 1 root root 32 Oct 24 14:44 systemd-journald-audit.socket -> ../systemd-journald-audit.socket
lrwxrwxrwx 1 root root 34 Oct 24 14:44 systemd-journald-dev-log.socket -> ../systemd-journald-dev-log.socket
lrwxrwxrwx 1 root root 26 Oct 24 14:44 systemd-journald.socket -> ../systemd-journald.socket
lrwxrwxrwx 1 root root 31 Oct 24 14:44 systemd-udevd-control.socket -> ../systemd-udevd-control.socket
lrwxrwxrwx 1 root root 30 Oct 24 14:44 systemd-udevd-kernel.socket -> ../systemd-udevd-kernel.socket
lrwxrwxrwx 1 root root 14 Jul  5  2020 dbus.socket -> ../dbus.socket

/lib/systemd/system/sysinit.target.wants:
total 0
lrwxrwxrwx 1 root root 20 Oct 24 14:44 cryptsetup.target -> ../cryptsetup.target
lrwxrwxrwx 1 root root 22 Oct 24 14:44 dev-hugepages.mount -> ../dev-hugepages.mount
lrwxrwxrwx 1 root root 19 Oct 24 14:44 dev-mqueue.mount -> ../dev-mqueue.mount
lrwxrwxrwx 1 root root 28 Oct 24 14:44 kmod-static-nodes.service -> ../kmod-static-nodes.service
lrwxrwxrwx 1 root root 36 Oct 24 14:44 proc-sys-fs-binfmt_misc.automount -> ../proc-sys-fs-binfmt_misc.automount
lrwxrwxrwx 1 root root 32 Oct 24 14:44 sys-fs-fuse-connections.mount -> ../sys-fs-fuse-connections.mount
lrwxrwxrwx 1 root root 26 Oct 24 14:44 sys-kernel-config.mount -> ../sys-kernel-config.mount
lrwxrwxrwx 1 root root 25 Oct 24 14:44 sys-kernel-debug.mount -> ../sys-kernel-debug.mount
lrwxrwxrwx 1 root root 36 Oct 24 14:44 systemd-ask-password-console.path -> ../systemd-ask-password-console.path
lrwxrwxrwx 1 root root 25 Oct 24 14:44 systemd-binfmt.service -> ../systemd-binfmt.service
lrwxrwxrwx 1 root root 30 Oct 24 14:44 systemd-hwdb-update.service -> ../systemd-hwdb-update.service
lrwxrwxrwx 1 root root 27 Oct 24 14:44 systemd-journald.service -> ../systemd-journald.service
lrwxrwxrwx 1 root root 32 Oct 24 14:44 systemd-journal-flush.service -> ../systemd-journal-flush.service
lrwxrwxrwx 1 root root 36 Oct 24 14:44 systemd-machine-id-commit.service -> ../systemd-machine-id-commit.service
lrwxrwxrwx 1 root root 31 Oct 24 14:44 systemd-modules-load.service -> ../systemd-modules-load.service
lrwxrwxrwx 1 root root 30 Oct 24 14:44 systemd-random-seed.service -> ../systemd-random-seed.service
lrwxrwxrwx 1 root root 25 Oct 24 14:44 systemd-sysctl.service -> ../systemd-sysctl.service
lrwxrwxrwx 1 root root 27 Oct 24 14:44 systemd-sysusers.service -> ../systemd-sysusers.service
lrwxrwxrwx 1 root root 37 Oct 24 14:44 systemd-tmpfiles-setup-dev.service -> ../systemd-tmpfiles-setup-dev.service
lrwxrwxrwx 1 root root 33 Oct 24 14:44 systemd-tmpfiles-setup.service -> ../systemd-tmpfiles-setup.service
lrwxrwxrwx 1 root root 24 Oct 24 14:44 systemd-udevd.service -> ../systemd-udevd.service
lrwxrwxrwx 1 root root 31 Oct 24 14:44 systemd-udev-trigger.service -> ../systemd-udev-trigger.service
lrwxrwxrwx 1 root root 30 Oct 24 14:44 systemd-update-utmp.service -> ../systemd-update-utmp.service

/lib/systemd/system/getty.target.wants:
total 0
lrwxrwxrwx 1 root root 23 Oct 24 14:44 getty-static.service -> ../getty-static.service

/lib/systemd/system/graphical.target.wants:
total 0
lrwxrwxrwx 1 root root 39 Oct 24 14:44 systemd-update-utmp-runlevel.service -> ../systemd-update-utmp-runlevel.service

/lib/systemd/system/local-fs.target.wants:
total 0
lrwxrwxrwx 1 root root 29 Oct 24 14:44 systemd-remount-fs.service -> ../systemd-remount-fs.service

/lib/systemd/system/rescue.target.wants:
total 0
lrwxrwxrwx 1 root root 39 Oct 24 14:44 systemd-update-utmp-runlevel.service -> ../systemd-update-utmp-runlevel.service

/lib/systemd/system/timers.target.wants:
total 0
lrwxrwxrwx 1 root root 31 Oct 24 14:44 systemd-tmpfiles-clean.timer -> ../systemd-tmpfiles-clean.timer

/lib/systemd/system/systemd-resolved.service.d:
total 4.0K
-rw-r--r-- 1 root root 551 Oct 24 14:44 resolvconf.conf

/lib/systemd/system/systemd-timesyncd.service.d:
total 4.0K
-rw-r--r-- 1 root root 251 Oct 24 14:44 disable-with-time-daemon.conf

/lib/systemd/system/user-.slice.d:
total 4.0K
-rw-r--r-- 1 root root 486 Feb 14  2019 10-defaults.conf

/lib/systemd/system/rc-local.service.d:
total 4.0K
-rw-r--r-- 1 root root 290 Oct 24 14:44 debian.conf

/lib/systemd/system/runlevel1.target.wants:
total 0

/lib/systemd/system/runlevel2.target.wants:
total 0

/lib/systemd/system/runlevel3.target.wants:
total 0

/lib/systemd/system/runlevel4.target.wants:
total 0

/lib/systemd/system/runlevel5.target.wants:
total 0

/lib/systemd/user:
total 120K
drwxr-xr-x 2 root root 4.0K Dec 26 09:19 sockets.target.wants
drwxr-xr-x 2 root root 4.0K Dec 26 08:58 graphical-session-pre.target.wants
-rw-r--r-- 1 root root  546 Oct 24 14:44 graphical-session-pre.target
-rw-r--r-- 1 root root  657 Oct 24 14:44 systemd-tmpfiles-clean.service
-rw-r--r-- 1 root root  720 Oct 24 14:44 systemd-tmpfiles-setup.service
-rw-r--r-- 1 root root  360 Jul  5  2020 dbus.service
-rw-r--r-- 1 root root  174 Jul  5  2020 dbus.socket
-rw-r--r-- 1 root root  287 Jan 31  2020 ssh-agent.service
-rw-r--r-- 1 root root  497 Feb 14  2019 basic.target
-rw-r--r-- 1 root root  419 Feb 14  2019 bluetooth.target
-rw-r--r-- 1 root root  454 Feb 14  2019 default.target
-rw-r--r-- 1 root root  502 Feb 14  2019 exit.target
-rw-r--r-- 1 root root  484 Feb 14  2019 graphical-session.target
-rw-r--r-- 1 root root  394 Feb 14  2019 paths.target
-rw-r--r-- 1 root root  417 Feb 14  2019 printer.target
-rw-r--r-- 1 root root  442 Feb 14  2019 shutdown.target
-rw-r--r-- 1 root root  420 Feb 14  2019 smartcard.target
-rw-r--r-- 1 root root  396 Feb 14  2019 sockets.target
-rw-r--r-- 1 root root  420 Feb 14  2019 sound.target
-rw-r--r-- 1 root root  500 Feb 14  2019 systemd-exit.service
-rw-r--r-- 1 root root  533 Feb 14  2019 systemd-tmpfiles-clean.timer
-rw-r--r-- 1 root root  445 Feb 14  2019 timers.target
-rw-r--r-- 1 root root  141 Jan 21  2019 colord-session.service
-rw-r--r-- 1 root root  212 Aug 28  2017 dirmngr.service
-rw-r--r-- 1 root root  204 Aug 28  2017 dirmngr.socket
-rw-r--r-- 1 root root  298 Aug 28  2017 gpg-agent-browser.socket
-rw-r--r-- 1 root root  281 Aug 28  2017 gpg-agent-extra.socket
-rw-r--r-- 1 root root  223 Aug 28  2017 gpg-agent.service
-rw-r--r-- 1 root root  234 Aug 28  2017 gpg-agent.socket
-rw-r--r-- 1 root root  308 Aug 28  2017 gpg-agent-ssh.socket

/lib/systemd/user/sockets.target.wants:
total 0
lrwxrwxrwx 1 root root 14 Jul  5  2020 dbus.socket -> ../dbus.socket
lrwxrwxrwx 1 root root 17 Aug 22  2019 dirmngr.socket -> ../dirmngr.socket
lrwxrwxrwx 1 root root 27 Aug 22  2019 gpg-agent-browser.socket -> ../gpg-agent-browser.socket
lrwxrwxrwx 1 root root 25 Aug 22  2019 gpg-agent-extra.socket -> ../gpg-agent-extra.socket
lrwxrwxrwx 1 root root 19 Aug 22  2019 gpg-agent.socket -> ../gpg-agent.socket
lrwxrwxrwx 1 root root 23 Aug 22  2019 gpg-agent-ssh.socket -> ../gpg-agent-ssh.socket

/lib/systemd/user/graphical-session-pre.target.wants:
total 0
lrwxrwxrwx 1 root root 20 Jan 31  2020 ssh-agent.service -> ../ssh-agent.service

/lib/systemd/user-environment-generators:
total 20K
-rwxr-xr-x 1 root root 14K Oct 24 14:44 30-systemd-environment-d-generator
-rwxr-xr-x 1 root root 309 Aug 21  2019 90gpg-agent

/lib/systemd/system-sleep:
total 4.0K
-rwxr-xr-x 1 root root 92 Oct 26  2018 hdparm

/lib/systemd/network:
total 16K
-rw-r--r-- 1 root root 645 Feb 14  2019 80-container-host0.network
-rw-r--r-- 1 root root 718 Feb 14  2019 80-container-ve.network
-rw-r--r-- 1 root root 704 Feb 14  2019 80-container-vz.network
-rw-r--r-- 1 root root 417 Feb 14  2019 99-default.link

/lib/systemd/catalog:
total 156K
-rw-r--r-- 1 root root  13K Oct 24 14:44 systemd.be.catalog
-rw-r--r-- 1 root root 9.8K Oct 24 14:44 systemd.be@latin.catalog
-rw-r--r-- 1 root root  14K Oct 24 14:44 systemd.bg.catalog
-rw-r--r-- 1 root root  14K Oct 24 14:44 systemd.catalog
-rw-r--r-- 1 root root  472 Oct 24 14:44 systemd.de.catalog
-rw-r--r-- 1 root root  13K Oct 24 14:44 systemd.fr.catalog
-rw-r--r-- 1 root root  11K Oct 24 14:44 systemd.it.catalog
-rw-r--r-- 1 root root  14K Oct 24 14:44 systemd.pl.catalog
-rw-r--r-- 1 root root 8.2K Oct 24 14:44 systemd.pt_BR.catalog
-rw-r--r-- 1 root root  20K Oct 24 14:44 systemd.ru.catalog
-rw-r--r-- 1 root root 7.2K Oct 24 14:44 systemd.zh_CN.catalog
-rw-r--r-- 1 root root 7.1K Oct 24 14:44 systemd.zh_TW.catalog

/lib/systemd/user-preset:
total 4.0K
-rw-r--r-- 1 root root 513 Feb 14  2019 90-systemd.preset

/lib/systemd/system-generators:
total 268K
-rwxr-xr-x 1 root root 14K Oct 24 14:44 systemd-bless-boot-generator
-rwxr-xr-x 1 root root 31K Oct 24 14:44 systemd-cryptsetup-generator
-rwxr-xr-x 1 root root 15K Oct 24 14:44 systemd-debug-generator
-rwxr-xr-x 1 root root 39K Oct 24 14:44 systemd-fstab-generator
-rwxr-xr-x 1 root root 14K Oct 24 14:44 systemd-getty-generator
-rwxr-xr-x 1 root root 30K Oct 24 14:44 systemd-gpt-auto-generator
-rwxr-xr-x 1 root root 15K Oct 24 14:44 systemd-hibernate-resume-generator
-rwxr-xr-x 1 root root 14K Oct 24 14:44 systemd-rc-local-generator
-rwxr-xr-x 1 root root 15K Oct 24 14:44 systemd-run-generator
-rwxr-xr-x 1 root root 14K Oct 24 14:44 systemd-system-update-generator
-rwxr-xr-x 1 root root 35K Oct 24 14:44 systemd-sysv-generator
-rwxr-xr-x 1 root root 15K Oct 24 14:44 systemd-veritysetup-generator

/lib/systemd/system-preset:
total 4.0K
-rw-r--r-- 1 root root 951 Feb 14  2019 90-systemd.preset

/lib/systemd/boot:
total 4.0K
drwxr-xr-x 2 root root 4.0K Dec 26 08:57 efi

/lib/systemd/boot/efi:
total 152K
-rwxr-xr-x 1 root root 59K Oct 24 14:44 linuxx64.efi.stub
-rwxr-xr-x 1 root root 90K Oct 24 14:44 systemd-bootx64.efi

/lib/systemd/system-shutdown:
total 0

/lib/systemd/user-generators:
total 0


[00;33m### SOFTWARE #############################################[00m
[00;31m[-] Sudo version:[00m
Sudo version 1.8.27


[00;31m[-] MYSQL version:[00m
mysql  Ver 15.1 Distrib 10.3.27-MariaDB, for debian-linux-gnu (x86_64) using readline 5.2


[00;33m### INTERESTING FILES ####################################[00m
[00;31m[-] Useful file locations:[00m
/usr/bin/nc
/usr/bin/netcat
/usr/bin/wget
/usr/bin/gcc
/usr/bin/curl


[00;31m[-] Installed compilers:[00m
ii  g++                             4:8.3.0-1                    amd64        GNU C++ compiler
ii  g++-8                           8.3.0-6                      amd64        GNU C++ compiler
ii  gcc                             4:8.3.0-1                    amd64        GNU C compiler
ii  gcc-8                           8.3.0-6                      amd64        GNU C compiler
ii  libllvm7:amd64                  1:7.0.1-8+deb10u2            amd64        Modular compiler and toolchain technologies, runtime library


[00;31m[-] Can we read/write sensitive files:[00m
-rw-r--r-- 1 root root 1796 Dec 26 09:22 /etc/passwd
-rw-r--r-- 1 root root 804 Dec 26 11:23 /etc/group
-rw-r--r-- 1 root root 767 Mar  4  2016 /etc/profile
-rw-r----- 1 root shadow 1109 Dec 28 07:19 /etc/shadow


[00;31m[-] SUID files:[00m
-rwsr-xr-- 1 root messagebus 51184 Jul  5  2020 /usr/lib/dbus-1.0/dbus-daemon-launch-helper
-rwsr-xr-x 1 root root 18888 Jan 15  2019 /usr/lib/policykit-1/polkit-agent-helper-1
-rwsr-xr-x 1 root root 10232 Mar 28  2017 /usr/lib/eject/dmcrypt-get-device
-rwsr-xr-x 1 root root 436552 Jan 31  2020 /usr/lib/openssh/ssh-keysign
-rwsr-xr-x 1 root root 23288 Jan 15  2019 /usr/bin/pkexec
-rwsr-xr-x 1 root root 44440 Jul 27  2018 /usr/bin/newgrp
-rwsr-xr-x 1 root root 157192 Feb  2  2020 /usr/bin/sudo
-rwsr-xr-x 1 root root 84016 Jul 27  2018 /usr/bin/gpasswd
-rwsr-xr-x 1 root root 63568 Jan 10  2019 /usr/bin/su
-rwsr-xr-x 1 root root 54096 Jul 27  2018 /usr/bin/chfn
-rwsr-xr-x 1 root root 51280 Jan 10  2019 /usr/bin/mount
-rwsr-xr-x 1 root root 63736 Jul 27  2018 /usr/bin/passwd
-rwsr-xr-x 1 root root 44528 Jul 27  2018 /usr/bin/chsh
-rwsr-xr-x 1 root root 34888 Jan 10  2019 /usr/bin/umount
-rwsr-xr-x 1 root root 34896 Apr 22  2020 /usr/bin/fusermount


[00;31m[-] SGID files:[00m
-rwxr-sr-x 1 root shadow 39616 Feb 14  2019 /usr/sbin/unix_chkpwd
-rwxr-sr-x 1 root utmp 10232 Feb 18  2016 /usr/lib/x86_64-linux-gnu/utempter/utempter
-rwxr-sr-x 1 root tty 14736 May  4  2018 /usr/bin/bsd-write
-rwxr-sr-x 1 root tty 34896 Jan 10  2019 /usr/bin/wall
-rwxr-sr-x 1 root mail 18944 Dec  3  2017 /usr/bin/dotlockfile
-rwxr-sr-x 1 root shadow 71816 Jul 27  2018 /usr/bin/chage
-rwxr-sr-x 1 root shadow 31000 Jul 27  2018 /usr/bin/expiry
-rwxr-sr-x 1 root ssh 321672 Jan 31  2020 /usr/bin/ssh-agent
-rwxr-sr-x 1 root crontab 43568 Oct 11  2019 /usr/bin/crontab
-rwxr-sr-x 1 root mail 14648 Feb 26  2019 /usr/bin/mlock


[00;31m[+] Files with POSIX capabilities set:[00m
/usr/bin/ping = cap_net_raw+ep


[-] Can't search *.conf files as no keyword was entered

[-] Can't search *.php files as no keyword was entered

[-] Can't search *.log files as no keyword was entered

[-] Can't search *.ini files as no keyword was entered

[00;31m[-] All *.conf files in /etc (recursive 1 level):[00m
-rw-r--r-- 1 root root 2351 May 31  2018 /etc/sysctl.conf
-rw-r--r-- 1 root root 2981 Dec 26 08:56 /etc/adduser.conf
-rw-r--r-- 1 root root 3267 Aug 28  2019 /etc/reportbug.conf
-rw-r--r-- 1 root root 642 Mar  1  2019 /etc/xattr.conf
-rw-r--r-- 1 root root 191 Apr 25  2019 /etc/libaudit.conf
-rw-r--r-- 1 root root 144 Dec 26 09:01 /etc/kernel-img.conf
-rw-r--r-- 1 root root 280 Jun 20  2014 /etc/fuse.conf
-rw-r--r-- 1 root root 542 Dec 26 09:00 /etc/nsswitch.conf
-rw-r--r-- 1 root root 604 Jun 26  2016 /etc/deluser.conf
-rw-r--r-- 1 root root 1523 Feb 23  2018 /etc/usb_modeswitch.conf
-rw-r--r-- 1 root root 435 Aug 22  2018 /etc/logrotate.conf
-rw-r--r-- 1 root root 2969 Feb 26  2019 /etc/debconf.conf
-rw-r--r-- 1 root root 2584 Aug  1  2018 /etc/gai.conf
-rw-r--r-- 1 root root 5434 Dec 26 08:59 /etc/ca-certificates.conf
-rw-r--r-- 1 root root 1988 Feb 26  2019 /etc/rsyslog.conf
-rw-r--r-- 1 root root 58 Dec 27 14:38 /etc/resolv.conf
-rw-r--r-- 1 root root 10593 Dec 19  2018 /etc/sensors3.conf
-rw-r--r-- 1 root root 552 Feb 14  2019 /etc/pam.conf
-rw-r--r-- 1 root root 346 Jan 14  2018 /etc/discover-modprobe.conf
-rw-r--r-- 1 root root 812 Jan  9  2020 /etc/mke2fs.conf
-rw-r--r-- 1 root root 7649 Dec 26 09:00 /etc/pnm2ppa.conf
-rw-r--r-- 1 root root 34 Mar  2  2018 /etc/ld.so.conf
-rw-r--r-- 1 root root 1260 Dec 14  2018 /etc/ucf.conf
-rw-r--r-- 1 root root 9 Aug  7  2006 /etc/host.conf
-rw-r--r-- 1 root root 5060 Oct 26  2018 /etc/hdparm.conf


[00;31m[-] Current user's history files:[00m
lrwxrwxrwx 1 root root 9 Dec 28 07:04 /home/maildeliverer/.bash_history -> /dev/null


[00;31m[-] Location and contents (if accessible) of .bash_history file(s):[00m
/home/maildeliverer/.bash_history


[00;31m[-] Any interesting mail in /var/mail:[00m
total 8
drwxrwsr-x  2 root mail 4096 Dec 26 08:56 .
drwxr-xr-x 12 root root 4096 Dec 26 09:08 ..


[00;33m### SCAN COMPLETE ####################################[00m
